[0.067s] Invoking command in '/home/zeb/ros_workspace/build/ros-qualisys': /usr/local/bin/cmake --build /home/zeb/ros_workspace/build/ros-qualisys -- -j22 -l22
[0.074s] /opt/cmake-3.26.4-linux-x86_64/bin/cmake -S/home/zeb/ros_workspace/src/ros-qualisys -B/home/zeb/ros_workspace/build/ros-qualisys --check-build-system CMakeFiles/Makefile.cmake 0
[0.080s] /opt/cmake-3.26.4-linux-x86_64/bin/cmake -E cmake_progress_start /home/zeb/ros_workspace/build/ros-qualisys/CMakeFiles /home/zeb/ros_workspace/build/ros-qualisys//CMakeFiles/progress.marks
[0.083s] /usr/bin/make  -f CMakeFiles/Makefile2 all
[0.088s] make[1]: Entering directory '/home/zeb/ros_workspace/build/ros-qualisys'
[0.088s] /usr/bin/make  -f CMakeFiles/ros-qualisys.dir/build.make CMakeFiles/ros-qualisys.dir/depend
[0.093s] make[2]: Entering directory '/home/zeb/ros_workspace/build/ros-qualisys'
[0.094s] cd /home/zeb/ros_workspace/build/ros-qualisys && /opt/cmake-3.26.4-linux-x86_64/bin/cmake -E cmake_depends "Unix Makefiles" /home/zeb/ros_workspace/src/ros-qualisys /home/zeb/ros_workspace/src/ros-qualisys /home/zeb/ros_workspace/build/ros-qualisys /home/zeb/ros_workspace/build/ros-qualisys /home/zeb/ros_workspace/build/ros-qualisys/CMakeFiles/ros-qualisys.dir/DependInfo.cmake --color=
[0.108s] make[2]: Leaving directory '/home/zeb/ros_workspace/build/ros-qualisys'
[0.109s] /usr/bin/make  -f CMakeFiles/ros-qualisys.dir/build.make CMakeFiles/ros-qualisys.dir/build
[0.119s] make[2]: Entering directory '/home/zeb/ros_workspace/build/ros-qualisys'
[0.119s] make[2]: Nothing to be done for 'CMakeFiles/ros-qualisys.dir/build'.
[0.119s] make[2]: Leaving directory '/home/zeb/ros_workspace/build/ros-qualisys'
[0.124s] [ 50%] Built target ros-qualisys
[0.125s] /usr/bin/make  -f CMakeFiles/ros-qualisys-node.dir/build.make CMakeFiles/ros-qualisys-node.dir/depend
[0.130s] make[2]: Entering directory '/home/zeb/ros_workspace/build/ros-qualisys'
[0.131s] cd /home/zeb/ros_workspace/build/ros-qualisys && /opt/cmake-3.26.4-linux-x86_64/bin/cmake -E cmake_depends "Unix Makefiles" /home/zeb/ros_workspace/src/ros-qualisys /home/zeb/ros_workspace/src/ros-qualisys /home/zeb/ros_workspace/build/ros-qualisys /home/zeb/ros_workspace/build/ros-qualisys /home/zeb/ros_workspace/build/ros-qualisys/CMakeFiles/ros-qualisys-node.dir/DependInfo.cmake --color=
[0.144s] make[2]: Leaving directory '/home/zeb/ros_workspace/build/ros-qualisys'
[0.144s] /usr/bin/make  -f CMakeFiles/ros-qualisys-node.dir/build.make CMakeFiles/ros-qualisys-node.dir/build
[0.150s] make[2]: Entering directory '/home/zeb/ros_workspace/build/ros-qualisys'
[0.150s] make[2]: Nothing to be done for 'CMakeFiles/ros-qualisys-node.dir/build'.
[0.150s] make[2]: Leaving directory '/home/zeb/ros_workspace/build/ros-qualisys'
[0.154s] [100%] Built target ros-qualisys-node
[0.154s] make[1]: Leaving directory '/home/zeb/ros_workspace/build/ros-qualisys'
[0.155s] /opt/cmake-3.26.4-linux-x86_64/bin/cmake -E cmake_progress_start /home/zeb/ros_workspace/build/ros-qualisys/CMakeFiles 0
[0.159s] Invoked command in '/home/zeb/ros_workspace/build/ros-qualisys' returned '0': /usr/local/bin/cmake --build /home/zeb/ros_workspace/build/ros-qualisys -- -j22 -l22
[0.173s] Invoking command in '/home/zeb/ros_workspace/build/ros-qualisys': /usr/local/bin/cmake --install /home/zeb/ros_workspace/build/ros-qualisys
[0.175s] -- Install configuration: "Release"
[0.183s] /opt/cmake-3.26.4-linux-x86_64/bin/cmake -S/home/zeb/ros_workspace/src/ros-qualisys -B/home/zeb/ros_workspace/build/ros-qualisys --check-build-system CMakeFiles/Makefile.cmake 0
[0.189s] /usr/bin/make  -f CMakeFiles/Makefile2 uninstall
[0.195s] make[1]: Entering directory '/home/zeb/ros_workspace/build/ros-qualisys'
[0.195s] /opt/cmake-3.26.4-linux-x86_64/bin/cmake -S/home/zeb/ros_workspace/src/ros-qualisys -B/home/zeb/ros_workspace/build/ros-qualisys --check-build-system CMakeFiles/Makefile.cmake 0
[0.200s] /opt/cmake-3.26.4-linux-x86_64/bin/cmake -E cmake_progress_start /home/zeb/ros_workspace/build/ros-qualisys/CMakeFiles 0
[0.203s] /usr/bin/make  -f CMakeFiles/Makefile2 CMakeFiles/uninstall.dir/all
[0.209s] make[2]: Entering directory '/home/zeb/ros_workspace/build/ros-qualisys'
[0.209s] /usr/bin/make  -f CMakeFiles/ros-qualisys-uninstall.dir/build.make CMakeFiles/ros-qualisys-uninstall.dir/depend
[0.211s] make[3]: Entering directory '/home/zeb/ros_workspace/build/ros-qualisys'
[0.212s] cd /home/zeb/ros_workspace/build/ros-qualisys && /opt/cmake-3.26.4-linux-x86_64/bin/cmake -E cmake_depends "Unix Makefiles" /home/zeb/ros_workspace/src/ros-qualisys /home/zeb/ros_workspace/src/ros-qualisys /home/zeb/ros_workspace/build/ros-qualisys /home/zeb/ros_workspace/build/ros-qualisys /home/zeb/ros_workspace/build/ros-qualisys/CMakeFiles/ros-qualisys-uninstall.dir/DependInfo.cmake --color=
[0.217s] make[3]: Leaving directory '/home/zeb/ros_workspace/build/ros-qualisys'
[0.217s] /usr/bin/make  -f CMakeFiles/ros-qualisys-uninstall.dir/build.make CMakeFiles/ros-qualisys-uninstall.dir/build
[0.219s] make[3]: Entering directory '/home/zeb/ros_workspace/build/ros-qualisys'
[0.220s] /opt/cmake-3.26.4-linux-x86_64/bin/cmake -DPACKAGE_CREATES_DOT_CATKIN=TRUE -P /home/zeb/ros_workspace/build/ros-qualisys/cmake/cmake_uninstall.cmake
[0.223s] -- catkin path: /home/zeb/ros_workspace/install/ros-qualisys/.catkin
[0.223s] -- Try to remove /home/zeb/ros_workspace/install/ros-qualisys/.catkin
[0.226s] -- Uninstalling "/home/zeb/ros_workspace/install/ros-qualisys/lib/cmake/ros-qualisys/ros-qualisysTargets-release.cmake"
[0.229s] -- Uninstalling "/home/zeb/ros_workspace/install/ros-qualisys/lib/cmake/ros-qualisys/ros-qualisysTargets.cmake"
[0.232s] -- Uninstalling "/home/zeb/ros_workspace/install/ros-qualisys/lib/cmake/ros-qualisys/ros-qualisysConfigVersion.cmake"
[0.235s] -- Uninstalling "/home/zeb/ros_workspace/install/ros-qualisys/lib/cmake/ros-qualisys/ros-qualisysConfig.cmake"
[0.238s] -- Uninstalling "/home/zeb/ros_workspace/install/ros-qualisys/share/ros-qualisys/package.xml"
[0.241s] -- Uninstalling "/home/zeb/ros_workspace/install/ros-qualisys/share/ros-qualisys/hook/python_path.dsv"
[0.244s] -- Uninstalling "/home/zeb/ros_workspace/install/ros-qualisys/share/ros-qualisys/hook/ament_prefix_path.dsv"
[0.247s] -- Uninstalling "/home/zeb/ros_workspace/install/ros-qualisys/share/ament_index/resource_index/packages/ros-qualisys"
[0.249s] -- Uninstalling "/home/zeb/ros_workspace/install/ros-qualisys/include/ros-qualisys/qualisys-to-ros.hpp"
[0.251s] -- Uninstalling "/home/zeb/ros_workspace/install/ros-qualisys/lib/pkgconfig/ros-qualisys.pc"
[0.253s] -- Uninstalling "/home/zeb/ros_workspace/install/ros-qualisys/share/ros-qualisys/launch/qualisys_bauzil_bringup.launch"
[0.255s] -- Uninstalling "/home/zeb/ros_workspace/install/ros-qualisys/share/ros-qualisys/config/bauzil-qualisys.yaml"
[0.257s] -- Uninstalling "/home/zeb/ros_workspace/install/ros-qualisys/share/ros-qualisys/package.xml"
[0.258s] -- File "/home/zeb/ros_workspace/install/ros-qualisys/share/ros-qualisys/package.xml" does not exist.
[0.259s] -- Uninstalling "/home/zeb/ros_workspace/install/ros-qualisys/lib/ros-qualisys/ros-qualisys"
[0.261s] -- Uninstalling "/home/zeb/ros_workspace/install/ros-qualisys/lib/libros-qualisys.so"
[0.263s] -- Uninstalling "/home/zeb/ros_workspace/install/ros-qualisys/lib/libros-qualisys.so.1.0.0"
[0.264s] -- Uninstalling "/home/zeb/ros_workspace/install/ros-qualisys/.rosinstall"
[0.267s] -- Uninstalling "/home/zeb/ros_workspace/install/ros-qualisys/local_setup.fish"
[0.270s] -- Uninstalling "/home/zeb/ros_workspace/install/ros-qualisys/setup.fish"
[0.272s] -- Uninstalling "/home/zeb/ros_workspace/install/ros-qualisys/local_setup.zsh"
[0.274s] -- Uninstalling "/home/zeb/ros_workspace/install/ros-qualisys/setup.zsh"
[0.276s] -- Uninstalling "/home/zeb/ros_workspace/install/ros-qualisys/local_setup.sh"
[0.278s] -- Uninstalling "/home/zeb/ros_workspace/install/ros-qualisys/setup.sh"
[0.280s] -- Uninstalling "/home/zeb/ros_workspace/install/ros-qualisys/local_setup.bash"
[0.283s] -- Uninstalling "/home/zeb/ros_workspace/install/ros-qualisys/setup.bash"
[0.286s] -- Uninstalling "/home/zeb/ros_workspace/install/ros-qualisys/env.sh"
[0.289s] -- Uninstalling "/home/zeb/ros_workspace/install/ros-qualisys/_setup_util.py"
[0.292s] -- Uninstalling "/home/zeb/ros_workspace/install/ros-qualisys/include/ros-qualisys/warning.hh"
[0.295s] -- Uninstalling "/home/zeb/ros_workspace/install/ros-qualisys/include/ros-qualisys/deprecated.hh"
[0.298s] -- Uninstalling "/home/zeb/ros_workspace/install/ros-qualisys/include/ros-qualisys/config.hh"
[0.304s] make[3]: Leaving directory '/home/zeb/ros_workspace/build/ros-qualisys'
[0.309s] Built target ros-qualisys-uninstall
[0.309s] /usr/bin/make  -f CMakeFiles/uninstall.dir/build.make CMakeFiles/uninstall.dir/depend
[0.314s] make[3]: Entering directory '/home/zeb/ros_workspace/build/ros-qualisys'
[0.314s] cd /home/zeb/ros_workspace/build/ros-qualisys && /opt/cmake-3.26.4-linux-x86_64/bin/cmake -E cmake_depends "Unix Makefiles" /home/zeb/ros_workspace/src/ros-qualisys /home/zeb/ros_workspace/src/ros-qualisys /home/zeb/ros_workspace/build/ros-qualisys /home/zeb/ros_workspace/build/ros-qualisys /home/zeb/ros_workspace/build/ros-qualisys/CMakeFiles/uninstall.dir/DependInfo.cmake --color=
[0.320s] make[3]: Leaving directory '/home/zeb/ros_workspace/build/ros-qualisys'
[0.320s] /usr/bin/make  -f CMakeFiles/uninstall.dir/build.make CMakeFiles/uninstall.dir/build
[0.322s] make[3]: Entering directory '/home/zeb/ros_workspace/build/ros-qualisys'
[0.322s] make[3]: Nothing to be done for 'CMakeFiles/uninstall.dir/build'.
[0.323s] make[3]: Leaving directory '/home/zeb/ros_workspace/build/ros-qualisys'
[0.327s] Built target uninstall
[0.328s] make[2]: Leaving directory '/home/zeb/ros_workspace/build/ros-qualisys'
[0.328s] /opt/cmake-3.26.4-linux-x86_64/bin/cmake -E cmake_progress_start /home/zeb/ros_workspace/build/ros-qualisys/CMakeFiles 0
[0.330s] make[1]: Leaving directory '/home/zeb/ros_workspace/build/ros-qualisys'
[0.332s] -- Installing: /home/zeb/ros_workspace/install/ros-qualisys/include/ros-qualisys/config.hh
[0.332s] -- Installing: /home/zeb/ros_workspace/install/ros-qualisys/include/ros-qualisys/deprecated.hh
[0.332s] -- Installing: /home/zeb/ros_workspace/install/ros-qualisys/include/ros-qualisys/warning.hh
[0.332s] -- Installing: /home/zeb/ros_workspace/install/ros-qualisys/_setup_util.py
[0.333s] -- Installing: /home/zeb/ros_workspace/install/ros-qualisys/env.sh
[0.333s] -- Installing: /home/zeb/ros_workspace/install/ros-qualisys/setup.bash
[0.333s] -- Installing: /home/zeb/ros_workspace/install/ros-qualisys/local_setup.bash
[0.333s] -- Installing: /home/zeb/ros_workspace/install/ros-qualisys/setup.sh
[0.334s] -- Installing: /home/zeb/ros_workspace/install/ros-qualisys/local_setup.sh
[0.334s] -- Installing: /home/zeb/ros_workspace/install/ros-qualisys/setup.zsh
[0.334s] -- Installing: /home/zeb/ros_workspace/install/ros-qualisys/local_setup.zsh
[0.334s] -- Installing: /home/zeb/ros_workspace/install/ros-qualisys/setup.fish
[0.334s] -- Installing: /home/zeb/ros_workspace/install/ros-qualisys/local_setup.fish
[0.334s] -- Installing: /home/zeb/ros_workspace/install/ros-qualisys/.rosinstall
[0.335s] -- Installing: /home/zeb/ros_workspace/install/ros-qualisys/lib/libros-qualisys.so.1.0.0
[0.335s] -- Set runtime path of "/home/zeb/ros_workspace/install/ros-qualisys/lib/libros-qualisys.so.1.0.0" to ""
[0.335s] -- Installing: /home/zeb/ros_workspace/install/ros-qualisys/lib/libros-qualisys.so
[0.336s] -- Installing: /home/zeb/ros_workspace/install/ros-qualisys/lib/ros-qualisys/ros-qualisys
[0.336s] -- Set runtime path of "/home/zeb/ros_workspace/install/ros-qualisys/lib/ros-qualisys/ros-qualisys" to "$ORIGIN/../lib"
[0.336s] -- Installing: /home/zeb/ros_workspace/install/ros-qualisys/share/ros-qualisys/package.xml
[0.336s] -- Up-to-date: /home/zeb/ros_workspace/install/ros-qualisys/share/ros-qualisys/config
[0.337s] -- Installing: /home/zeb/ros_workspace/install/ros-qualisys/share/ros-qualisys/config/bauzil-qualisys.yaml
[0.338s] -- Up-to-date: /home/zeb/ros_workspace/install/ros-qualisys/share/ros-qualisys/launch
[0.338s] -- Installing: /home/zeb/ros_workspace/install/ros-qualisys/share/ros-qualisys/launch/qualisys_bauzil_bringup.launch
[0.338s] -- Installing: /home/zeb/ros_workspace/install/ros-qualisys/lib/pkgconfig/ros-qualisys.pc
[0.338s] -- Installing: /home/zeb/ros_workspace/install/ros-qualisys/include/ros-qualisys/qualisys-to-ros.hpp
[0.339s] -- Installing: /home/zeb/ros_workspace/install/ros-qualisys/share/ament_index/resource_index/packages/ros-qualisys
[0.340s] -- Installing: /home/zeb/ros_workspace/install/ros-qualisys/share/ros-qualisys/hook/ament_prefix_path.dsv
[0.340s] -- Installing: /home/zeb/ros_workspace/install/ros-qualisys/share/ros-qualisys/hook/python_path.dsv
[0.341s] -- Up-to-date: /home/zeb/ros_workspace/install/ros-qualisys/share/ros-qualisys/package.xml
[0.342s] -- Installing: /home/zeb/ros_workspace/install/ros-qualisys/lib/cmake/ros-qualisys/ros-qualisysConfig.cmake
[0.342s] -- Installing: /home/zeb/ros_workspace/install/ros-qualisys/lib/cmake/ros-qualisys/ros-qualisysConfigVersion.cmake
[0.343s] -- Installing: /home/zeb/ros_workspace/install/ros-qualisys/lib/cmake/ros-qualisys/ros-qualisysTargets.cmake
[0.344s] -- Installing: /home/zeb/ros_workspace/install/ros-qualisys/lib/cmake/ros-qualisys/ros-qualisysTargets-release.cmake
[0.346s] Invoked command in '/home/zeb/ros_workspace/build/ros-qualisys' returned '0': /usr/local/bin/cmake --install /home/zeb/ros_workspace/build/ros-qualisys
