This file contains any messages produced by compilers while
running CMake, to aid debugging if configure makes a mistake.

It was created by jrl-cmakemodules CMake configuration process 1.0.0, which was
generated by CMake 3.26.4.

## --------- ##
## Platform. ##
## --------- ##

hostname = zeb-rog
system = Linux-5.15.0-139-generic
processor = x86_64
generator = Unix Makefiles

PATH /opt/ros/noetic/bin
PATH /home/zeb/miniconda3/condabin
PATH /opt/gcc-arm-none-eabi-9-2020-q2-update/bin
PATH /home/zeb/.local/bin
PATH /usr/local/sbin
PATH /usr/local/bin
PATH /usr/sbin
PATH /usr/bin
PATH /sbin
PATH /bin
PATH /usr/games
PATH /usr/local/games
PATH /snap/bin

PKG_CONFIG_PATH /home/zeb/ros_workspace/install/ros-qualisys/lib/x86_64-linux-gnu/pkgconfig
PKG_CONFIG_PATH /home/zeb/ros_workspace/install/ros-qualisys/lib/pkgconfig
PKG_CONFIG_PATH /opt/ros/noetic/lib/pkgconfig

