[0.444s] DEBUG:colcon:Command line arguments: ['/usr/bin/colcon', 'build', '--cmake-args', '-DCMAKE_BUILD_TYPE=Release']
[0.444s] DEBUG:colcon:Parsed command line arguments: Namespace(allow_overriding=[], ament_cmake_args=None, base_paths=['.'], build_base='build', catkin_cmake_args=None, catkin_skip_building_tests=False, cmake_args=['-DCMAKE_BUILD_TYPE=Release'], cmake_clean_cache=False, cmake_clean_first=False, cmake_force_configure=False, cmake_target=None, cmake_target_skip_unavailable=False, continue_on_error=False, event_handlers=None, executor='parallel', ignore_user_meta=False, install_base='install', log_base=None, log_level=None, main=<bound method BuildVerb.main of <colcon_core.verb.build.BuildVerb object at 0x7f29d1dd2a60>>, merge_install=False, metas=['./colcon.meta'], packages_above=None, packages_above_and_dependencies=None, packages_above_depth=None, packages_end=None, packages_ignore=None, packages_ignore_regex=None, packages_select=None, packages_select_build_failed=False, packages_select_by_dep=None, packages_select_regex=None, packages_select_test_failures=False, packages_skip=None, packages_skip_build_finished=False, packages_skip_by_dep=None, packages_skip_regex=None, packages_skip_test_passed=False, packages_skip_up_to=None, packages_start=None, packages_up_to=None, packages_up_to_regex=None, parallel_workers=22, paths=None, symlink_install=False, test_result_base=None, verb_extension=<colcon_core.verb.build.BuildVerb object at 0x7f29d1dd2a60>, verb_name='build', verb_parser=<colcon_defaults.argument_parser.defaults.DefaultArgumentsDecorator object at 0x7f29d1c6f2b0>)
[0.608s] Level 1:colcon.colcon_core.package_discovery:discover_packages(colcon_meta) check parameters
[0.608s] Level 1:colcon.colcon_core.package_discovery:discover_packages(recursive) check parameters
[0.608s] Level 1:colcon.colcon_core.package_discovery:discover_packages(ignore) check parameters
[0.608s] Level 1:colcon.colcon_core.package_discovery:discover_packages(path) check parameters
[0.608s] Level 1:colcon.colcon_core.package_discovery:discover_packages(colcon_meta) discover
[0.608s] Level 1:colcon.colcon_core.package_discovery:discover_packages(recursive) discover
[0.608s] INFO:colcon.colcon_core.package_discovery:Crawling recursively for packages in '/home/zeb/ros_workspace'
[0.608s] Level 1:colcon.colcon_core.package_identification:_identify(.) by extensions ['ignore', 'ignore_ament_install']
[0.608s] Level 1:colcon.colcon_core.package_identification:_identify(.) by extension 'ignore'
[0.608s] Level 1:colcon.colcon_core.package_identification:_identify(.) by extension 'ignore_ament_install'
[0.608s] Level 1:colcon.colcon_core.package_identification:_identify(.) by extensions ['colcon_pkg']
[0.608s] Level 1:colcon.colcon_core.package_identification:_identify(.) by extension 'colcon_pkg'
[0.608s] Level 1:colcon.colcon_core.package_identification:_identify(.) by extensions ['colcon_meta']
[0.608s] Level 1:colcon.colcon_core.package_identification:_identify(.) by extension 'colcon_meta'
[0.608s] Level 1:colcon.colcon_core.package_identification:_identify(.) by extensions ['ros']
[0.608s] Level 1:colcon.colcon_core.package_identification:_identify(.) by extension 'ros'
[0.635s] Level 1:colcon.colcon_core.package_identification:_identify(.) by extensions ['cmake', 'python']
[0.635s] Level 1:colcon.colcon_core.package_identification:_identify(.) by extension 'cmake'
[0.635s] Level 1:colcon.colcon_core.package_identification:_identify(.) by extension 'python'
[0.635s] Level 1:colcon.colcon_core.package_identification:_identify(.) by extensions ['python_setup_py']
[0.635s] Level 1:colcon.colcon_core.package_identification:_identify(.) by extension 'python_setup_py'
[0.635s] Level 1:colcon.colcon_core.package_identification:_identify(build) by extensions ['ignore', 'ignore_ament_install']
[0.635s] Level 1:colcon.colcon_core.package_identification:_identify(build) by extension 'ignore'
[0.635s] Level 1:colcon.colcon_core.package_identification:_identify(build) ignored
[0.635s] Level 1:colcon.colcon_core.package_identification:_identify(install) by extensions ['ignore', 'ignore_ament_install']
[0.635s] Level 1:colcon.colcon_core.package_identification:_identify(install) by extension 'ignore'
[0.635s] Level 1:colcon.colcon_core.package_identification:_identify(install) ignored
[0.635s] Level 1:colcon.colcon_core.package_identification:_identify(log) by extensions ['ignore', 'ignore_ament_install']
[0.635s] Level 1:colcon.colcon_core.package_identification:_identify(log) by extension 'ignore'
[0.635s] Level 1:colcon.colcon_core.package_identification:_identify(log) ignored
[0.635s] Level 1:colcon.colcon_core.package_identification:_identify(src) by extensions ['ignore', 'ignore_ament_install']
[0.636s] Level 1:colcon.colcon_core.package_identification:_identify(src) by extension 'ignore'
[0.636s] Level 1:colcon.colcon_core.package_identification:_identify(src) by extension 'ignore_ament_install'
[0.636s] Level 1:colcon.colcon_core.package_identification:_identify(src) by extensions ['colcon_pkg']
[0.636s] Level 1:colcon.colcon_core.package_identification:_identify(src) by extension 'colcon_pkg'
[0.636s] Level 1:colcon.colcon_core.package_identification:_identify(src) by extensions ['colcon_meta']
[0.636s] Level 1:colcon.colcon_core.package_identification:_identify(src) by extension 'colcon_meta'
[0.636s] Level 1:colcon.colcon_core.package_identification:_identify(src) by extensions ['ros']
[0.636s] Level 1:colcon.colcon_core.package_identification:_identify(src) by extension 'ros'
[0.636s] Level 1:colcon.colcon_core.package_identification:_identify(src) by extensions ['cmake', 'python']
[0.636s] Level 1:colcon.colcon_core.package_identification:_identify(src) by extension 'cmake'
[0.637s] WARNING:colcon.colcon_cmake.package_identification.cmake:Ignoring 'src/CMakeLists.txt' since it seems to be a toplevel CMake file generated by 'catkin_make'
[0.637s] Level 1:colcon.colcon_core.package_identification:_identify(src) by extension 'python'
[0.637s] Level 1:colcon.colcon_core.package_identification:_identify(src) by extensions ['python_setup_py']
[0.637s] Level 1:colcon.colcon_core.package_identification:_identify(src) by extension 'python_setup_py'
[0.638s] Level 1:colcon.colcon_core.package_identification:_identify(src/ros-qualisys) by extensions ['ignore', 'ignore_ament_install']
[0.638s] Level 1:colcon.colcon_core.package_identification:_identify(src/ros-qualisys) by extension 'ignore'
[0.638s] Level 1:colcon.colcon_core.package_identification:_identify(src/ros-qualisys) by extension 'ignore_ament_install'
[0.638s] Level 1:colcon.colcon_core.package_identification:_identify(src/ros-qualisys) by extensions ['colcon_pkg']
[0.638s] Level 1:colcon.colcon_core.package_identification:_identify(src/ros-qualisys) by extension 'colcon_pkg'
[0.638s] Level 1:colcon.colcon_core.package_identification:_identify(src/ros-qualisys) by extensions ['colcon_meta']
[0.638s] Level 1:colcon.colcon_core.package_identification:_identify(src/ros-qualisys) by extension 'colcon_meta'
[0.638s] Level 1:colcon.colcon_core.package_identification:_identify(src/ros-qualisys) by extensions ['ros']
[0.638s] Level 1:colcon.colcon_core.package_identification:_identify(src/ros-qualisys) by extension 'ros'
[0.644s] DEBUG:colcon.colcon_core.package_identification:Package 'src/ros-qualisys' with type 'ros.cmake' and name 'ros-qualisys'
[0.644s] Level 1:colcon.colcon_core.package_discovery:discover_packages(recursive) using defaults
[0.644s] Level 1:colcon.colcon_core.package_discovery:discover_packages(ignore) discover
[0.645s] Level 1:colcon.colcon_core.package_discovery:discover_packages(ignore) using defaults
[0.645s] Level 1:colcon.colcon_core.package_discovery:discover_packages(path) discover
[0.645s] Level 1:colcon.colcon_core.package_discovery:discover_packages(path) using defaults
[0.671s] Level 1:colcon.colcon_core.package_discovery:discover_packages(prefix_path) check parameters
[0.671s] Level 1:colcon.colcon_core.package_discovery:discover_packages(prefix_path) discover
[0.675s] DEBUG:colcon.colcon_installed_package_information.package_discovery:Found 1 installed packages in /home/zeb/ros_workspace/install
[0.676s] DEBUG:colcon.colcon_installed_package_information.package_discovery:Found 1 installed packages in /home/zeb/ros_workspace/install/ros-qualisys
[0.676s] Level 1:colcon.colcon_core.package_discovery:discover_packages(prefix_path) using defaults
[0.678s] Level 5:colcon.colcon_core.verb:set package 'ros-qualisys' build argument 'cmake_args' from command line to '['-DCMAKE_BUILD_TYPE=Release']'
[0.678s] Level 5:colcon.colcon_core.verb:set package 'ros-qualisys' build argument 'cmake_target' from command line to 'None'
[0.678s] Level 5:colcon.colcon_core.verb:set package 'ros-qualisys' build argument 'cmake_target_skip_unavailable' from command line to 'False'
[0.678s] Level 5:colcon.colcon_core.verb:set package 'ros-qualisys' build argument 'cmake_clean_cache' from command line to 'False'
[0.678s] Level 5:colcon.colcon_core.verb:set package 'ros-qualisys' build argument 'cmake_clean_first' from command line to 'False'
[0.678s] Level 5:colcon.colcon_core.verb:set package 'ros-qualisys' build argument 'cmake_force_configure' from command line to 'False'
[0.678s] Level 5:colcon.colcon_core.verb:set package 'ros-qualisys' build argument 'ament_cmake_args' from command line to 'None'
[0.678s] Level 5:colcon.colcon_core.verb:set package 'ros-qualisys' build argument 'catkin_cmake_args' from command line to 'None'
[0.678s] Level 5:colcon.colcon_core.verb:set package 'ros-qualisys' build argument 'catkin_skip_building_tests' from command line to 'False'
[0.678s] DEBUG:colcon.colcon_core.verb:Building package 'ros-qualisys' with the following arguments: {'ament_cmake_args': None, 'build_base': '/home/zeb/ros_workspace/build/ros-qualisys', 'catkin_cmake_args': None, 'catkin_skip_building_tests': False, 'cmake_args': ['-DCMAKE_BUILD_TYPE=Release'], 'cmake_clean_cache': False, 'cmake_clean_first': False, 'cmake_force_configure': False, 'cmake_target': None, 'cmake_target_skip_unavailable': False, 'install_base': '/home/zeb/ros_workspace/install/ros-qualisys', 'merge_install': False, 'path': '/home/zeb/ros_workspace/src/ros-qualisys', 'symlink_install': False, 'test_result_base': None}
[0.678s] INFO:colcon.colcon_core.executor:Executing jobs using 'parallel' executor
[0.679s] DEBUG:colcon.colcon_parallel_executor.executor.parallel:run_until_complete
[0.679s] INFO:colcon.colcon_ros.task.cmake.build:Building ROS package in '/home/zeb/ros_workspace/src/ros-qualisys' with build type 'cmake'
[0.679s] INFO:colcon.colcon_cmake.task.cmake.build:Building CMake package in '/home/zeb/ros_workspace/src/ros-qualisys'
[0.684s] INFO:colcon.colcon_core.plugin_system:Skipping extension 'colcon_core.shell.bat': Not used on non-Windows systems
[0.685s] INFO:colcon.colcon_core.shell:Skip shell extension 'powershell' for command environment: Not usable outside of PowerShell
[0.685s] DEBUG:colcon.colcon_core.shell:Skip shell extension 'dsv' for command environment
[0.685s] DEBUG:colcon.colcon_core.shell:Ignoring prefix path '/opt/ros/noetic'
[0.698s] DEBUG:colcon.colcon_core.event_handler.log_command:Invoking command in '/home/zeb/ros_workspace/build/ros-qualisys': /usr/local/bin/cmake --build /home/zeb/ros_workspace/build/ros-qualisys -- -j22 -l22
[3.410s] DEBUG:colcon.colcon_core.event_handler.log_command:Invoked command in '/home/zeb/ros_workspace/build/ros-qualisys' returned '2': /usr/local/bin/cmake --build /home/zeb/ros_workspace/build/ros-qualisys -- -j22 -l22
[3.411s] Level 1:colcon.colcon_core.shell:create_environment_hook('ros-qualisys', 'pkg_config_path')
[3.411s] INFO:colcon.colcon_core.shell:Creating environment hook '/home/zeb/ros_workspace/install/ros-qualisys/share/ros-qualisys/hook/pkg_config_path.ps1'
[3.413s] INFO:colcon.colcon_core.shell:Creating environment descriptor '/home/zeb/ros_workspace/install/ros-qualisys/share/ros-qualisys/hook/pkg_config_path.dsv'
[3.414s] INFO:colcon.colcon_core.shell:Creating environment hook '/home/zeb/ros_workspace/install/ros-qualisys/share/ros-qualisys/hook/pkg_config_path.sh'
[3.446s] Level 1:colcon.colcon_core.shell:create_environment_hook('ros-qualisys', 'pkg_config_path_multiarch')
[3.447s] INFO:colcon.colcon_core.shell:Creating environment hook '/home/zeb/ros_workspace/install/ros-qualisys/share/ros-qualisys/hook/pkg_config_path_multiarch.ps1'
[3.448s] INFO:colcon.colcon_core.shell:Creating environment descriptor '/home/zeb/ros_workspace/install/ros-qualisys/share/ros-qualisys/hook/pkg_config_path_multiarch.dsv'
[3.448s] INFO:colcon.colcon_core.shell:Creating environment hook '/home/zeb/ros_workspace/install/ros-qualisys/share/ros-qualisys/hook/pkg_config_path_multiarch.sh'
[3.448s] Level 1:colcon.colcon_core.environment:create_environment_scripts_only(ros-qualisys)
[3.455s] Level 1:colcon.colcon_core.environment:checking '/home/zeb/ros_workspace/install/ros-qualisys' for CMake module files
[3.456s] Level 1:colcon.colcon_core.environment:checking '/home/zeb/ros_workspace/install/ros-qualisys' for CMake config files
[3.456s] Level 1:colcon.colcon_core.shell:create_environment_hook('ros-qualisys', 'cmake_prefix_path')
[3.456s] INFO:colcon.colcon_core.shell:Creating environment hook '/home/zeb/ros_workspace/install/ros-qualisys/share/ros-qualisys/hook/cmake_prefix_path.ps1'
[3.457s] INFO:colcon.colcon_core.shell:Creating environment descriptor '/home/zeb/ros_workspace/install/ros-qualisys/share/ros-qualisys/hook/cmake_prefix_path.dsv'
[3.457s] INFO:colcon.colcon_core.shell:Creating environment hook '/home/zeb/ros_workspace/install/ros-qualisys/share/ros-qualisys/hook/cmake_prefix_path.sh'
[3.458s] Level 1:colcon.colcon_core.environment:checking '/home/zeb/ros_workspace/install/ros-qualisys/lib'
[3.458s] Level 1:colcon.colcon_core.shell:create_environment_hook('ros-qualisys', 'ld_library_path_lib')
[3.458s] INFO:colcon.colcon_core.shell:Creating environment hook '/home/zeb/ros_workspace/install/ros-qualisys/share/ros-qualisys/hook/ld_library_path_lib.ps1'
[3.459s] INFO:colcon.colcon_core.shell:Creating environment descriptor '/home/zeb/ros_workspace/install/ros-qualisys/share/ros-qualisys/hook/ld_library_path_lib.dsv'
[3.459s] INFO:colcon.colcon_core.shell:Creating environment hook '/home/zeb/ros_workspace/install/ros-qualisys/share/ros-qualisys/hook/ld_library_path_lib.sh'
[3.460s] Level 1:colcon.colcon_core.environment:checking '/home/zeb/ros_workspace/install/ros-qualisys/bin'
[3.460s] Level 1:colcon.colcon_core.environment:checking '/home/zeb/ros_workspace/install/ros-qualisys/lib/pkgconfig/ros-qualisys.pc'
[3.460s] Level 1:colcon.colcon_core.shell:create_environment_hook('ros-qualisys', 'pkg_config')
[3.460s] INFO:colcon.colcon_core.shell:Creating environment hook '/home/zeb/ros_workspace/install/ros-qualisys/share/ros-qualisys/hook/pkg_config.ps1'
[3.461s] INFO:colcon.colcon_core.shell:Creating environment descriptor '/home/zeb/ros_workspace/install/ros-qualisys/share/ros-qualisys/hook/pkg_config.dsv'
[3.461s] INFO:colcon.colcon_core.shell:Creating environment hook '/home/zeb/ros_workspace/install/ros-qualisys/share/ros-qualisys/hook/pkg_config.sh'
[3.463s] Level 1:colcon.colcon_core.environment:checking '/home/zeb/ros_workspace/install/ros-qualisys/lib/python3.8/site-packages'
[3.464s] Level 1:colcon.colcon_core.environment:checking '/home/zeb/ros_workspace/install/ros-qualisys/bin'
[3.464s] INFO:colcon.colcon_core.shell:Creating package script '/home/zeb/ros_workspace/install/ros-qualisys/share/ros-qualisys/package.ps1'
[3.466s] INFO:colcon.colcon_core.shell:Creating package descriptor '/home/zeb/ros_workspace/install/ros-qualisys/share/ros-qualisys/package.dsv'
[3.467s] INFO:colcon.colcon_core.shell:Creating package script '/home/zeb/ros_workspace/install/ros-qualisys/share/ros-qualisys/package.sh'
[3.469s] INFO:colcon.colcon_core.shell:Creating package script '/home/zeb/ros_workspace/install/ros-qualisys/share/ros-qualisys/package.bash'
[3.470s] INFO:colcon.colcon_core.shell:Creating package script '/home/zeb/ros_workspace/install/ros-qualisys/share/ros-qualisys/package.zsh'
[3.471s] Level 1:colcon.colcon_core.environment:create_file_with_runtime_dependencies(/home/zeb/ros_workspace/install/ros-qualisys/share/colcon-core/packages/ros-qualisys)
[3.482s] DEBUG:colcon.colcon_parallel_executor.executor.parallel:closing loop
[3.482s] DEBUG:colcon.colcon_parallel_executor.executor.parallel:loop closed
[3.482s] DEBUG:colcon.colcon_parallel_executor.executor.parallel:run_until_complete finished with '2'
[3.482s] DEBUG:colcon.colcon_core.event_reactor:joining thread
[3.492s] INFO:colcon.colcon_core.plugin_system:Skipping extension 'colcon_notification.desktop_notification.terminal_notifier': Not used on non-Darwin systems
[3.492s] INFO:colcon.colcon_core.plugin_system:Skipping extension 'colcon_notification.desktop_notification.win32': Not used on non-Windows systems
[3.492s] INFO:colcon.colcon_notification.desktop_notification:Sending desktop notification using 'notify2'
[3.512s] DEBUG:colcon.colcon_core.event_reactor:joined thread
[3.513s] INFO:colcon.colcon_core.shell:Creating prefix script '/home/zeb/ros_workspace/install/local_setup.ps1'
[3.514s] INFO:colcon.colcon_core.shell:Creating prefix util module '/home/zeb/ros_workspace/install/_local_setup_util_ps1.py'
[3.517s] INFO:colcon.colcon_core.shell:Creating prefix chain script '/home/zeb/ros_workspace/install/setup.ps1'
[3.519s] INFO:colcon.colcon_core.shell:Creating prefix script '/home/zeb/ros_workspace/install/local_setup.sh'
[3.520s] INFO:colcon.colcon_core.shell:Creating prefix util module '/home/zeb/ros_workspace/install/_local_setup_util_sh.py'
[3.520s] INFO:colcon.colcon_core.shell:Creating prefix chain script '/home/zeb/ros_workspace/install/setup.sh'
[3.522s] INFO:colcon.colcon_core.shell:Creating prefix script '/home/zeb/ros_workspace/install/local_setup.bash'
[3.523s] INFO:colcon.colcon_core.shell:Creating prefix chain script '/home/zeb/ros_workspace/install/setup.bash'
[3.524s] INFO:colcon.colcon_core.shell:Creating prefix script '/home/zeb/ros_workspace/install/local_setup.zsh'
[3.525s] INFO:colcon.colcon_core.shell:Creating prefix chain script '/home/zeb/ros_workspace/install/setup.zsh'
