[0.015s] Invoking command in '/home/zeb/ros_workspace/build/ros-qualisys': /usr/local/bin/cmake /home/zeb/ros_workspace/src/ros-qualisys -DCMAKE_BUILD_TYPE=Release -DCMAKE_INSTALL_PREFIX=/home/zeb/ros_workspace/install/ros-qualisys
[0.557s] -- Configuring "ros-qualisys" (https://github.com/gepetto/ros-qualisys)
[0.557s] -- Package version (ROS package.xml): 1.0.0
[0.616s] -- Could NOT find Doxygen (missing: DOXYGEN_EXECUTABLE) 
[0.616s] -- Failed to find Doxygen, documentation will not be generated.
[0.655s] -- Using CATKIN_DEVEL_PREFIX: /home/zeb/ros_workspace/build/ros-qualisys/devel
[0.655s] -- Using CMAKE_PREFIX_PATH: /opt/ros/noetic
[0.655s] -- This workspace overlays: /opt/ros/noetic
[0.692s] -- Found PythonInterp: /usr/bin/python3 (found suitable version "3.8.10", minimum required is "3") 
[0.692s] -- Using PYTHON_EXECUTABLE: /usr/bin/python3
[0.692s] -- Using Debian Python package layout
[0.693s] -- Using empy: /usr/lib/python3/dist-packages/em.py
[0.817s] -- Using CATKIN_ENABLE_TESTING: ON
[0.817s] -- Call enable_testing()
[0.817s] -- Using CATKIN_TEST_RESULTS_DIR: /home/zeb/ros_workspace/build/ros-qualisys/test_results
[0.873s] -- Forcing gtest/gmock from source, though one was otherwise available.
[0.873s] -- Found gtest sources under '/usr/src/googletest': gtests will be built
[0.874s] -- Found gmock sources under '/usr/src/googletest': gmock will be built
[0.874s] [0mCMake Deprecation Warning at /usr/src/googletest/CMakeLists.txt:4 (cmake_minimum_required):
[0.874s]   Compatibility with CMake < 2.8.12 will be removed from a future version of
[0.874s]   CMake.
[0.874s] 
[0.874s]   Update the VERSION argument <min> value or use a ...<max> suffix to tell
[0.874s]   CMake that the project does not need compatibility with older versions.
[0.874s] 
[0.874s] [0m
[0.876s] [0mCMake Deprecation Warning at /usr/src/googletest/googlemock/CMakeLists.txt:45 (cmake_minimum_required):
[0.876s]   Compatibility with CMake < 2.8.12 will be removed from a future version of
[0.876s]   CMake.
[0.877s] 
[0.877s]   Update the VERSION argument <min> value or use a ...<max> suffix to tell
[0.877s]   CMake that the project does not need compatibility with older versions.
[0.877s] 
[0.877s] [0m
[0.877s] [0mCMake Deprecation Warning at /usr/src/googletest/googletest/CMakeLists.txt:56 (cmake_minimum_required):
[0.877s]   Compatibility with CMake < 2.8.12 will be removed from a future version of
[0.877s]   CMake.
[0.877s] 
[0.877s]   Update the VERSION argument <min> value or use a ...<max> suffix to tell
[0.877s]   CMake that the project does not need compatibility with older versions.
[0.878s] 
[0.878s] [0m
[0.894s] -- Found PythonInterp: /usr/bin/python3 (found version "3.8.10") 
[0.902s] -- Using Python nosetests: /usr/bin/nosetests3
[0.957s] -- catkin 0.8.12
[0.957s] -- BUILD_SHARED_LIBS is on
[1.130s] -- Using these message generators: gencpp;geneus;genlisp;gennodejs;genpy
[1.159s] -- Create files for AMENT (ROS 2)
[1.161s] -- Configuring done (1.1s)
[1.198s] -- Generating done (0.0s)
[1.209s] -- Build files have been written to: /home/zeb/ros_workspace/build/ros-qualisys
[1.214s] Invoked command in '/home/zeb/ros_workspace/build/ros-qualisys' returned '0': /usr/local/bin/cmake /home/zeb/ros_workspace/src/ros-qualisys -DCMAKE_BUILD_TYPE=Release -DCMAKE_INSTALL_PREFIX=/home/zeb/ros_workspace/install/ros-qualisys
[1.217s] Invoking command in '/home/zeb/ros_workspace/build/ros-qualisys': /usr/local/bin/cmake --build /home/zeb/ros_workspace/build/ros-qualisys -- -j22 -l22
[1.222s] /opt/cmake-3.26.4-linux-x86_64/bin/cmake -S/home/zeb/ros_workspace/src/ros-qualisys -B/home/zeb/ros_workspace/build/ros-qualisys --check-build-system CMakeFiles/Makefile.cmake 0
[1.228s] /opt/cmake-3.26.4-linux-x86_64/bin/cmake -E cmake_progress_start /home/zeb/ros_workspace/build/ros-qualisys/CMakeFiles /home/zeb/ros_workspace/build/ros-qualisys//CMakeFiles/progress.marks
[1.231s] /usr/bin/make  -f CMakeFiles/Makefile2 all
[1.236s] make[1]: Entering directory '/home/zeb/ros_workspace/build/ros-qualisys'
[1.236s] /usr/bin/make  -f CMakeFiles/ros-qualisys.dir/build.make CMakeFiles/ros-qualisys.dir/depend
[1.239s] make[2]: Entering directory '/home/zeb/ros_workspace/build/ros-qualisys'
[1.239s] cd /home/zeb/ros_workspace/build/ros-qualisys && /opt/cmake-3.26.4-linux-x86_64/bin/cmake -E cmake_depends "Unix Makefiles" /home/zeb/ros_workspace/src/ros-qualisys /home/zeb/ros_workspace/src/ros-qualisys /home/zeb/ros_workspace/build/ros-qualisys /home/zeb/ros_workspace/build/ros-qualisys /home/zeb/ros_workspace/build/ros-qualisys/CMakeFiles/ros-qualisys.dir/DependInfo.cmake --color=
[1.243s] make[2]: Leaving directory '/home/zeb/ros_workspace/build/ros-qualisys'
[1.243s] /usr/bin/make  -f CMakeFiles/ros-qualisys.dir/build.make CMakeFiles/ros-qualisys.dir/build
[1.246s] make[2]: Entering directory '/home/zeb/ros_workspace/build/ros-qualisys'
[1.251s] [ 25%] [32mBuilding CXX object CMakeFiles/ros-qualisys.dir/src/qualisys-to-ros.cpp.o[0m
[1.251s] /usr/bin/c++ -DROSCONSOLE_BACKEND_LOG4CXX -DROS_BUILD_SHARED_LIBS=1 -DROS_PACKAGE_NAME=\"ros-qualisys\" -Dros_qualisys_EXPORTS -I/home/zeb/ros_workspace/build/ros-qualisys -I/home/zeb/ros_workspace/build/ros-qualisys/include -I/home/zeb/ros_workspace/src/ros-qualisys/include -I/opt/ros/noetic/include -I/opt/ros/noetic/share/xmlrpcpp/cmake/../../../include/xmlrpcpp -isystem /usr/local/include/qualisys_cpp_sdk -pedantic -Wno-long-long -Wall -Wextra -Wcast-align -Wcast-qual -Wformat -Wwrite-strings -Wconversion  -O3 -DNDEBUG -fPIC -MD -MT CMakeFiles/ros-qualisys.dir/src/qualisys-to-ros.cpp.o -MF CMakeFiles/ros-qualisys.dir/src/qualisys-to-ros.cpp.o.d -o CMakeFiles/ros-qualisys.dir/src/qualisys-to-ros.cpp.o -c /home/zeb/ros_workspace/src/ros-qualisys/src/qualisys-to-ros.cpp
[4.499s] [ 50%] [32m[1mLinking CXX shared library libros-qualisys.so[0m
[4.499s] /opt/cmake-3.26.4-linux-x86_64/bin/cmake -E cmake_link_script CMakeFiles/ros-qualisys.dir/link.txt --verbose=1
[4.502s] /usr/bin/c++ -fPIC -pedantic -Wno-long-long -Wall -Wextra -Wcast-align -Wcast-qual -Wformat -Wwrite-strings -Wconversion  -O3 -DNDEBUG -shared -Wl,-soname,libros-qualisys.so.1.0.0 -o libros-qualisys.so.1.0.0 "CMakeFiles/ros-qualisys.dir/src/qualisys-to-ros.cpp.o"  -Wl,-rpath,/opt/ros/noetic/lib: /opt/ros/noetic/lib/libroscpp.so /usr/lib/x86_64-linux-gnu/libpthread.so /usr/lib/x86_64-linux-gnu/libboost_chrono.so.1.71.0 /usr/lib/x86_64-linux-gnu/libboost_filesystem.so.1.71.0 /opt/ros/noetic/lib/librosconsole.so /opt/ros/noetic/lib/librosconsole_log4cxx.so /opt/ros/noetic/lib/librosconsole_backend_interface.so /usr/lib/x86_64-linux-gnu/liblog4cxx.so /usr/lib/x86_64-linux-gnu/libboost_regex.so.1.71.0 /opt/ros/noetic/lib/libroscpp_serialization.so /opt/ros/noetic/lib/libxmlrpcpp.so /opt/ros/noetic/lib/librostime.so /usr/lib/x86_64-linux-gnu/libboost_date_time.so.1.71.0 /opt/ros/noetic/lib/libcpp_common.so /usr/lib/x86_64-linux-gnu/libboost_system.so.1.71.0 /usr/lib/x86_64-linux-gnu/libboost_thread.so.1.71.0 /usr/lib/x86_64-linux-gnu/libconsole_bridge.so.0.4 /opt/ros/noetic/lib/libtf2.so /opt/ros/noetic/lib/libroscpp_serialization.so /opt/ros/noetic/lib/librostime.so /usr/lib/x86_64-linux-gnu/libboost_date_time.so.1.71.0 /opt/ros/noetic/lib/libcpp_common.so /usr/lib/x86_64-linux-gnu/libboost_system.so.1.71.0 /usr/lib/x86_64-linux-gnu/libboost_thread.so.1.71.0 /usr/lib/x86_64-linux-gnu/libconsole_bridge.so.0.4 /opt/ros/noetic/lib/libtf2_ros.so /opt/ros/noetic/lib/libactionlib.so /opt/ros/noetic/lib/libmessage_filters.so /opt/ros/noetic/lib/libroscpp.so /usr/lib/x86_64-linux-gnu/libpthread.so /usr/lib/x86_64-linux-gnu/libboost_chrono.so.1.71.0 /usr/lib/x86_64-linux-gnu/libboost_filesystem.so.1.71.0 /opt/ros/noetic/lib/librosconsole.so /opt/ros/noetic/lib/librosconsole_log4cxx.so /opt/ros/noetic/lib/librosconsole_backend_interface.so /usr/lib/x86_64-linux-gnu/liblog4cxx.so /usr/lib/x86_64-linux-gnu/libboost_regex.so.1.71.0 /opt/ros/noetic/lib/libxmlrpcpp.so /opt/ros/noetic/lib/libtf2.so /opt/ros/noetic/lib/libroscpp_serialization.so /opt/ros/noetic/lib/librostime.so /usr/lib/x86_64-linux-gnu/libboost_date_time.so.1.71.0 /opt/ros/noetic/lib/libcpp_common.so /usr/lib/x86_64-linux-gnu/libboost_system.so.1.71.0 /usr/lib/x86_64-linux-gnu/libboost_thread.so.1.71.0 /usr/lib/x86_64-linux-gnu/libconsole_bridge.so.0.4 /opt/ros/noetic/lib/libroscpp_serialization.so /opt/ros/noetic/lib/librostime.so /usr/lib/x86_64-linux-gnu/libboost_date_time.so.1.71.0 /opt/ros/noetic/lib/libcpp_common.so /usr/lib/x86_64-linux-gnu/libboost_system.so.1.71.0 /usr/lib/x86_64-linux-gnu/libboost_thread.so.1.71.0 /usr/lib/x86_64-linux-gnu/libconsole_bridge.so.0.4 /usr/local/lib/libqualisys_cpp_sdk.a /opt/ros/noetic/lib/libtf2_ros.so /opt/ros/noetic/lib/libactionlib.so /opt/ros/noetic/lib/libmessage_filters.so 
[4.599s] /opt/cmake-3.26.4-linux-x86_64/bin/cmake -E cmake_symlink_library libros-qualisys.so.1.0.0 libros-qualisys.so.1.0.0 libros-qualisys.so
[4.603s] make[2]: Leaving directory '/home/zeb/ros_workspace/build/ros-qualisys'
[4.607s] [ 50%] Built target ros-qualisys
[4.607s] /usr/bin/make  -f CMakeFiles/ros-qualisys-node.dir/build.make CMakeFiles/ros-qualisys-node.dir/depend
[4.610s] make[2]: Entering directory '/home/zeb/ros_workspace/build/ros-qualisys'
[4.610s] cd /home/zeb/ros_workspace/build/ros-qualisys && /opt/cmake-3.26.4-linux-x86_64/bin/cmake -E cmake_depends "Unix Makefiles" /home/zeb/ros_workspace/src/ros-qualisys /home/zeb/ros_workspace/src/ros-qualisys /home/zeb/ros_workspace/build/ros-qualisys /home/zeb/ros_workspace/build/ros-qualisys /home/zeb/ros_workspace/build/ros-qualisys/CMakeFiles/ros-qualisys-node.dir/DependInfo.cmake --color=
[4.616s] make[2]: Leaving directory '/home/zeb/ros_workspace/build/ros-qualisys'
[4.616s] /usr/bin/make  -f CMakeFiles/ros-qualisys-node.dir/build.make CMakeFiles/ros-qualisys-node.dir/build
[4.617s] make[2]: Entering directory '/home/zeb/ros_workspace/build/ros-qualisys'
[4.621s] [ 75%] [32mBuilding CXX object CMakeFiles/ros-qualisys-node.dir/src/ros-qualisys.cpp.o[0m
[4.622s] /usr/bin/c++ -DROSCONSOLE_BACKEND_LOG4CXX -DROS_BUILD_SHARED_LIBS=1 -DROS_PACKAGE_NAME=\"ros-qualisys\" -I/home/zeb/ros_workspace/build/ros-qualisys -I/home/zeb/ros_workspace/build/ros-qualisys/include -I/home/zeb/ros_workspace/src/ros-qualisys/include -I/opt/ros/noetic/include -I/opt/ros/noetic/share/xmlrpcpp/cmake/../../../include/xmlrpcpp -isystem /usr/local/include/qualisys_cpp_sdk -pedantic -Wno-long-long -Wall -Wextra -Wcast-align -Wcast-qual -Wformat -Wwrite-strings -Wconversion  -O3 -DNDEBUG -MD -MT CMakeFiles/ros-qualisys-node.dir/src/ros-qualisys.cpp.o -MF CMakeFiles/ros-qualisys-node.dir/src/ros-qualisys.cpp.o.d -o CMakeFiles/ros-qualisys-node.dir/src/ros-qualisys.cpp.o -c /home/zeb/ros_workspace/src/ros-qualisys/src/ros-qualisys.cpp
[5.852s] [100%] [32m[1mLinking CXX executable ros-qualisys[0m
[5.852s] /opt/cmake-3.26.4-linux-x86_64/bin/cmake -E cmake_link_script CMakeFiles/ros-qualisys-node.dir/link.txt --verbose=1
[5.855s] /usr/bin/c++ -pedantic -Wno-long-long -Wall -Wextra -Wcast-align -Wcast-qual -Wformat -Wwrite-strings -Wconversion  -O3 -DNDEBUG "CMakeFiles/ros-qualisys-node.dir/src/ros-qualisys.cpp.o" -o ros-qualisys  -Wl,-rpath,/home/zeb/ros_workspace/build/ros-qualisys:/opt/ros/noetic/lib: libros-qualisys.so.1.0.0 /opt/ros/noetic/lib/libroscpp.so /usr/lib/x86_64-linux-gnu/libpthread.so /usr/lib/x86_64-linux-gnu/libboost_chrono.so.1.71.0 /usr/lib/x86_64-linux-gnu/libboost_filesystem.so.1.71.0 /opt/ros/noetic/lib/librosconsole.so /opt/ros/noetic/lib/librosconsole_log4cxx.so /opt/ros/noetic/lib/librosconsole_backend_interface.so /usr/lib/x86_64-linux-gnu/liblog4cxx.so /usr/lib/x86_64-linux-gnu/libboost_regex.so.1.71.0 /opt/ros/noetic/lib/libroscpp_serialization.so /opt/ros/noetic/lib/libxmlrpcpp.so /opt/ros/noetic/lib/librostime.so /usr/lib/x86_64-linux-gnu/libboost_date_time.so.1.71.0 /opt/ros/noetic/lib/libcpp_common.so /usr/lib/x86_64-linux-gnu/libboost_system.so.1.71.0 /usr/lib/x86_64-linux-gnu/libboost_thread.so.1.71.0 /usr/lib/x86_64-linux-gnu/libconsole_bridge.so.0.4 /opt/ros/noetic/lib/libtf2.so /opt/ros/noetic/lib/libtf2_ros.so /opt/ros/noetic/lib/libactionlib.so /opt/ros/noetic/lib/libmessage_filters.so /opt/ros/noetic/lib/libroscpp.so /usr/lib/x86_64-linux-gnu/libpthread.so /usr/lib/x86_64-linux-gnu/libboost_chrono.so.1.71.0 /usr/lib/x86_64-linux-gnu/libboost_filesystem.so.1.71.0 /opt/ros/noetic/lib/librosconsole.so /opt/ros/noetic/lib/librosconsole_log4cxx.so /opt/ros/noetic/lib/librosconsole_backend_interface.so /usr/lib/x86_64-linux-gnu/liblog4cxx.so /usr/lib/x86_64-linux-gnu/libboost_regex.so.1.71.0 /opt/ros/noetic/lib/libroscpp_serialization.so /opt/ros/noetic/lib/libxmlrpcpp.so /opt/ros/noetic/lib/librostime.so /usr/lib/x86_64-linux-gnu/libboost_date_time.so.1.71.0 /opt/ros/noetic/lib/libcpp_common.so /usr/lib/x86_64-linux-gnu/libboost_system.so.1.71.0 /usr/lib/x86_64-linux-gnu/libboost_thread.so.1.71.0 /usr/lib/x86_64-linux-gnu/libconsole_bridge.so.0.4 /opt/ros/noetic/lib/libtf2.so /opt/ros/noetic/lib/libtf2_ros.so /opt/ros/noetic/lib/libactionlib.so /opt/ros/noetic/lib/libmessage_filters.so /usr/local/lib/libqualisys_cpp_sdk.a 
[5.960s] make[2]: Leaving directory '/home/zeb/ros_workspace/build/ros-qualisys'
[5.964s] [100%] Built target ros-qualisys-node
[5.965s] make[1]: Leaving directory '/home/zeb/ros_workspace/build/ros-qualisys'
[5.965s] /opt/cmake-3.26.4-linux-x86_64/bin/cmake -E cmake_progress_start /home/zeb/ros_workspace/build/ros-qualisys/CMakeFiles 0
[5.968s] Invoked command in '/home/zeb/ros_workspace/build/ros-qualisys' returned '0': /usr/local/bin/cmake --build /home/zeb/ros_workspace/build/ros-qualisys -- -j22 -l22
[5.974s] Invoking command in '/home/zeb/ros_workspace/build/ros-qualisys': /usr/local/bin/cmake --install /home/zeb/ros_workspace/build/ros-qualisys
[5.978s] -- Install configuration: "Release"
[5.984s] /opt/cmake-3.26.4-linux-x86_64/bin/cmake -S/home/zeb/ros_workspace/src/ros-qualisys -B/home/zeb/ros_workspace/build/ros-qualisys --check-build-system CMakeFiles/Makefile.cmake 0
[5.987s] /usr/bin/make  -f CMakeFiles/Makefile2 uninstall
[5.993s] make[1]: Entering directory '/home/zeb/ros_workspace/build/ros-qualisys'
[5.993s] /opt/cmake-3.26.4-linux-x86_64/bin/cmake -S/home/zeb/ros_workspace/src/ros-qualisys -B/home/zeb/ros_workspace/build/ros-qualisys --check-build-system CMakeFiles/Makefile.cmake 0
[5.998s] /opt/cmake-3.26.4-linux-x86_64/bin/cmake -E cmake_progress_start /home/zeb/ros_workspace/build/ros-qualisys/CMakeFiles 0
[6.001s] /usr/bin/make  -f CMakeFiles/Makefile2 CMakeFiles/uninstall.dir/all
[6.006s] make[2]: Entering directory '/home/zeb/ros_workspace/build/ros-qualisys'
[6.006s] /usr/bin/make  -f CMakeFiles/ros-qualisys-uninstall.dir/build.make CMakeFiles/ros-qualisys-uninstall.dir/depend
[6.009s] make[3]: Entering directory '/home/zeb/ros_workspace/build/ros-qualisys'
[6.009s] cd /home/zeb/ros_workspace/build/ros-qualisys && /opt/cmake-3.26.4-linux-x86_64/bin/cmake -E cmake_depends "Unix Makefiles" /home/zeb/ros_workspace/src/ros-qualisys /home/zeb/ros_workspace/src/ros-qualisys /home/zeb/ros_workspace/build/ros-qualisys /home/zeb/ros_workspace/build/ros-qualisys /home/zeb/ros_workspace/build/ros-qualisys/CMakeFiles/ros-qualisys-uninstall.dir/DependInfo.cmake --color=
[6.014s] make[3]: Leaving directory '/home/zeb/ros_workspace/build/ros-qualisys'
[6.014s] /usr/bin/make  -f CMakeFiles/ros-qualisys-uninstall.dir/build.make CMakeFiles/ros-qualisys-uninstall.dir/build
[6.016s] make[3]: Entering directory '/home/zeb/ros_workspace/build/ros-qualisys'
[6.016s] /opt/cmake-3.26.4-linux-x86_64/bin/cmake -DPACKAGE_CREATES_DOT_CATKIN=TRUE -P /home/zeb/ros_workspace/build/ros-qualisys/cmake/cmake_uninstall.cmake
[6.020s] make[3]: Leaving directory '/home/zeb/ros_workspace/build/ros-qualisys'
[6.027s] Built target ros-qualisys-uninstall
[6.027s] /usr/bin/make  -f CMakeFiles/uninstall.dir/build.make CMakeFiles/uninstall.dir/depend
[6.031s] make[3]: Entering directory '/home/zeb/ros_workspace/build/ros-qualisys'
[6.031s] cd /home/zeb/ros_workspace/build/ros-qualisys && /opt/cmake-3.26.4-linux-x86_64/bin/cmake -E cmake_depends "Unix Makefiles" /home/zeb/ros_workspace/src/ros-qualisys /home/zeb/ros_workspace/src/ros-qualisys /home/zeb/ros_workspace/build/ros-qualisys /home/zeb/ros_workspace/build/ros-qualisys /home/zeb/ros_workspace/build/ros-qualisys/CMakeFiles/uninstall.dir/DependInfo.cmake --color=
[6.039s] make[3]: Leaving directory '/home/zeb/ros_workspace/build/ros-qualisys'
[6.039s] /usr/bin/make  -f CMakeFiles/uninstall.dir/build.make CMakeFiles/uninstall.dir/build
[6.043s] make[3]: Entering directory '/home/zeb/ros_workspace/build/ros-qualisys'
[6.043s] make[3]: Nothing to be done for 'CMakeFiles/uninstall.dir/build'.
[6.043s] make[3]: Leaving directory '/home/zeb/ros_workspace/build/ros-qualisys'
[6.050s] Built target uninstall
[6.050s] make[2]: Leaving directory '/home/zeb/ros_workspace/build/ros-qualisys'
[6.050s] /opt/cmake-3.26.4-linux-x86_64/bin/cmake -E cmake_progress_start /home/zeb/ros_workspace/build/ros-qualisys/CMakeFiles 0
[6.054s] make[1]: Leaving directory '/home/zeb/ros_workspace/build/ros-qualisys'
[6.055s] -- Installing: /home/zeb/ros_workspace/install/ros-qualisys/include/ros-qualisys/config.hh
[6.055s] -- Installing: /home/zeb/ros_workspace/install/ros-qualisys/include/ros-qualisys/deprecated.hh
[6.055s] -- Installing: /home/zeb/ros_workspace/install/ros-qualisys/include/ros-qualisys/warning.hh
[6.056s] -- Installing: /home/zeb/ros_workspace/install/ros-qualisys/_setup_util.py
[6.056s] -- Installing: /home/zeb/ros_workspace/install/ros-qualisys/env.sh
[6.056s] -- Installing: /home/zeb/ros_workspace/install/ros-qualisys/setup.bash
[6.056s] -- Installing: /home/zeb/ros_workspace/install/ros-qualisys/local_setup.bash
[6.056s] -- Installing: /home/zeb/ros_workspace/install/ros-qualisys/setup.sh
[6.056s] -- Installing: /home/zeb/ros_workspace/install/ros-qualisys/local_setup.sh
[6.056s] -- Installing: /home/zeb/ros_workspace/install/ros-qualisys/setup.zsh
[6.056s] -- Installing: /home/zeb/ros_workspace/install/ros-qualisys/local_setup.zsh
[6.056s] -- Installing: /home/zeb/ros_workspace/install/ros-qualisys/setup.fish
[6.056s] -- Installing: /home/zeb/ros_workspace/install/ros-qualisys/local_setup.fish
[6.056s] -- Installing: /home/zeb/ros_workspace/install/ros-qualisys/.rosinstall
[6.056s] -- Installing: /home/zeb/ros_workspace/install/ros-qualisys/lib/libros-qualisys.so.1.0.0
[6.057s] -- Set runtime path of "/home/zeb/ros_workspace/install/ros-qualisys/lib/libros-qualisys.so.1.0.0" to ""
[6.057s] -- Installing: /home/zeb/ros_workspace/install/ros-qualisys/lib/libros-qualisys.so
[6.057s] -- Installing: /home/zeb/ros_workspace/install/ros-qualisys/lib/ros-qualisys/ros-qualisys
[6.058s] -- Set runtime path of "/home/zeb/ros_workspace/install/ros-qualisys/lib/ros-qualisys/ros-qualisys" to "$ORIGIN/../lib"
[6.058s] -- Installing: /home/zeb/ros_workspace/install/ros-qualisys/share/ros-qualisys/package.xml
[6.058s] -- Installing: /home/zeb/ros_workspace/install/ros-qualisys/share/ros-qualisys/config
[6.058s] -- Installing: /home/zeb/ros_workspace/install/ros-qualisys/share/ros-qualisys/config/bauzil-qualisys.yaml
[6.058s] -- Installing: /home/zeb/ros_workspace/install/ros-qualisys/share/ros-qualisys/launch
[6.058s] -- Installing: /home/zeb/ros_workspace/install/ros-qualisys/share/ros-qualisys/launch/qualisys_bauzil_bringup.launch
[6.058s] -- Installing: /home/zeb/ros_workspace/install/ros-qualisys/lib/pkgconfig/ros-qualisys.pc
[6.058s] -- Installing: /home/zeb/ros_workspace/install/ros-qualisys/include/ros-qualisys/qualisys-to-ros.hpp
[6.058s] -- Installing: /home/zeb/ros_workspace/install/ros-qualisys/share/ament_index/resource_index/packages/ros-qualisys
[6.058s] -- Installing: /home/zeb/ros_workspace/install/ros-qualisys/share/ros-qualisys/hook/ament_prefix_path.dsv
[6.058s] -- Installing: /home/zeb/ros_workspace/install/ros-qualisys/share/ros-qualisys/hook/python_path.dsv
[6.059s] -- Up-to-date: /home/zeb/ros_workspace/install/ros-qualisys/share/ros-qualisys/package.xml
[6.059s] -- Installing: /home/zeb/ros_workspace/install/ros-qualisys/lib/cmake/ros-qualisys/ros-qualisysConfig.cmake
[6.059s] -- Installing: /home/zeb/ros_workspace/install/ros-qualisys/lib/cmake/ros-qualisys/ros-qualisysConfigVersion.cmake
[6.059s] -- Installing: /home/zeb/ros_workspace/install/ros-qualisys/lib/cmake/ros-qualisys/ros-qualisysTargets.cmake
[6.059s] -- Installing: /home/zeb/ros_workspace/install/ros-qualisys/lib/cmake/ros-qualisys/ros-qualisysTargets-release.cmake
[6.060s] Invoked command in '/home/zeb/ros_workspace/build/ros-qualisys' returned '0': /usr/local/bin/cmake --install /home/zeb/ros_workspace/build/ros-qualisys
