[0.014s] Invoking command in '/home/zeb/ros_workspace/build/ros-qualisys': /usr/local/bin/cmake --build /home/zeb/ros_workspace/build/ros-qualisys -- -j22 -l22
[0.022s] /opt/cmake-3.26.4-linux-x86_64/bin/cmake -S/home/zeb/ros_workspace/src/ros-qualisys -B/home/zeb/ros_workspace/build/ros-qualisys --check-build-system CMakeFiles/Makefile.cmake 0
[0.028s] /opt/cmake-3.26.4-linux-x86_64/bin/cmake -E cmake_progress_start /home/zeb/ros_workspace/build/ros-qualisys/CMakeFiles /home/zeb/ros_workspace/build/ros-qualisys//CMakeFiles/progress.marks
[0.031s] /usr/bin/make  -f CMakeFiles/Makefile2 all
[0.036s] make[1]: Entering directory '/home/zeb/ros_workspace/build/ros-qualisys'
[0.036s] /usr/bin/make  -f CMakeFiles/ros-qualisys.dir/build.make CMakeFiles/ros-qualisys.dir/depend
[0.039s] make[2]: Entering directory '/home/zeb/ros_workspace/build/ros-qualisys'
[0.039s] cd /home/zeb/ros_workspace/build/ros-qualisys && /opt/cmake-3.26.4-linux-x86_64/bin/cmake -E cmake_depends "Unix Makefiles" /home/zeb/ros_workspace/src/ros-qualisys /home/zeb/ros_workspace/src/ros-qualisys /home/zeb/ros_workspace/build/ros-qualisys /home/zeb/ros_workspace/build/ros-qualisys /home/zeb/ros_workspace/build/ros-qualisys/CMakeFiles/ros-qualisys.dir/DependInfo.cmake --color=
[0.050s] make[2]: Leaving directory '/home/zeb/ros_workspace/build/ros-qualisys'
[0.050s] /usr/bin/make  -f CMakeFiles/ros-qualisys.dir/build.make CMakeFiles/ros-qualisys.dir/build
[0.058s] make[2]: Entering directory '/home/zeb/ros_workspace/build/ros-qualisys'
[0.058s] make[2]: Nothing to be done for 'CMakeFiles/ros-qualisys.dir/build'.
[0.058s] make[2]: Leaving directory '/home/zeb/ros_workspace/build/ros-qualisys'
[0.063s] [ 50%] Built target ros-qualisys
[0.064s] /usr/bin/make  -f CMakeFiles/ros-qualisys-node.dir/build.make CMakeFiles/ros-qualisys-node.dir/depend
[0.067s] make[2]: Entering directory '/home/zeb/ros_workspace/build/ros-qualisys'
[0.067s] cd /home/zeb/ros_workspace/build/ros-qualisys && /opt/cmake-3.26.4-linux-x86_64/bin/cmake -E cmake_depends "Unix Makefiles" /home/zeb/ros_workspace/src/ros-qualisys /home/zeb/ros_workspace/src/ros-qualisys /home/zeb/ros_workspace/build/ros-qualisys /home/zeb/ros_workspace/build/ros-qualisys /home/zeb/ros_workspace/build/ros-qualisys/CMakeFiles/ros-qualisys-node.dir/DependInfo.cmake --color=
[0.081s] make[2]: Leaving directory '/home/zeb/ros_workspace/build/ros-qualisys'
[0.081s] /usr/bin/make  -f CMakeFiles/ros-qualisys-node.dir/build.make CMakeFiles/ros-qualisys-node.dir/build
[0.089s] make[2]: Entering directory '/home/zeb/ros_workspace/build/ros-qualisys'
[0.089s] make[2]: Nothing to be done for 'CMakeFiles/ros-qualisys-node.dir/build'.
[0.089s] make[2]: Leaving directory '/home/zeb/ros_workspace/build/ros-qualisys'
[0.095s] [100%] Built target ros-qualisys-node
[0.095s] make[1]: Leaving directory '/home/zeb/ros_workspace/build/ros-qualisys'
[0.095s] /opt/cmake-3.26.4-linux-x86_64/bin/cmake -E cmake_progress_start /home/zeb/ros_workspace/build/ros-qualisys/CMakeFiles 0
[0.100s] Invoked command in '/home/zeb/ros_workspace/build/ros-qualisys' returned '0': /usr/local/bin/cmake --build /home/zeb/ros_workspace/build/ros-qualisys -- -j22 -l22
[0.109s] Invoking command in '/home/zeb/ros_workspace/build/ros-qualisys': /usr/local/bin/cmake --install /home/zeb/ros_workspace/build/ros-qualisys
[0.113s] -- Install configuration: "Release"
[0.121s] /opt/cmake-3.26.4-linux-x86_64/bin/cmake -S/home/zeb/ros_workspace/src/ros-qualisys -B/home/zeb/ros_workspace/build/ros-qualisys --check-build-system CMakeFiles/Makefile.cmake 0
[0.127s] /usr/bin/make  -f CMakeFiles/Makefile2 uninstall
[0.132s] make[1]: Entering directory '/home/zeb/ros_workspace/build/ros-qualisys'
[0.132s] /opt/cmake-3.26.4-linux-x86_64/bin/cmake -S/home/zeb/ros_workspace/src/ros-qualisys -B/home/zeb/ros_workspace/build/ros-qualisys --check-build-system CMakeFiles/Makefile.cmake 0
[0.138s] /opt/cmake-3.26.4-linux-x86_64/bin/cmake -E cmake_progress_start /home/zeb/ros_workspace/build/ros-qualisys/CMakeFiles 0
[0.141s] /usr/bin/make  -f CMakeFiles/Makefile2 CMakeFiles/uninstall.dir/all
[0.146s] make[2]: Entering directory '/home/zeb/ros_workspace/build/ros-qualisys'
[0.146s] /usr/bin/make  -f CMakeFiles/ros-qualisys-uninstall.dir/build.make CMakeFiles/ros-qualisys-uninstall.dir/depend
[0.149s] make[3]: Entering directory '/home/zeb/ros_workspace/build/ros-qualisys'
[0.149s] cd /home/zeb/ros_workspace/build/ros-qualisys && /opt/cmake-3.26.4-linux-x86_64/bin/cmake -E cmake_depends "Unix Makefiles" /home/zeb/ros_workspace/src/ros-qualisys /home/zeb/ros_workspace/src/ros-qualisys /home/zeb/ros_workspace/build/ros-qualisys /home/zeb/ros_workspace/build/ros-qualisys /home/zeb/ros_workspace/build/ros-qualisys/CMakeFiles/ros-qualisys-uninstall.dir/DependInfo.cmake --color=
[0.154s] make[3]: Leaving directory '/home/zeb/ros_workspace/build/ros-qualisys'
[0.154s] /usr/bin/make  -f CMakeFiles/ros-qualisys-uninstall.dir/build.make CMakeFiles/ros-qualisys-uninstall.dir/build
[0.157s] make[3]: Entering directory '/home/zeb/ros_workspace/build/ros-qualisys'
[0.157s] /opt/cmake-3.26.4-linux-x86_64/bin/cmake -DPACKAGE_CREATES_DOT_CATKIN=TRUE -P /home/zeb/ros_workspace/build/ros-qualisys/cmake/cmake_uninstall.cmake
[0.160s] -- catkin path: /home/zeb/ros_workspace/install/ros-qualisys/.catkin
[0.161s] -- Try to remove /home/zeb/ros_workspace/install/ros-qualisys/.catkin
[0.164s] -- Uninstalling "/home/zeb/ros_workspace/install/ros-qualisys/lib/cmake/ros-qualisys/ros-qualisysTargets-release.cmake"
[0.167s] -- Uninstalling "/home/zeb/ros_workspace/install/ros-qualisys/lib/cmake/ros-qualisys/ros-qualisysTargets.cmake"
[0.170s] -- Uninstalling "/home/zeb/ros_workspace/install/ros-qualisys/lib/cmake/ros-qualisys/ros-qualisysConfigVersion.cmake"
[0.174s] -- Uninstalling "/home/zeb/ros_workspace/install/ros-qualisys/lib/cmake/ros-qualisys/ros-qualisysConfig.cmake"
[0.177s] -- Uninstalling "/home/zeb/ros_workspace/install/ros-qualisys/share/ros-qualisys/package.xml"
[0.180s] -- Uninstalling "/home/zeb/ros_workspace/install/ros-qualisys/share/ros-qualisys/hook/python_path.dsv"
[0.183s] -- Uninstalling "/home/zeb/ros_workspace/install/ros-qualisys/share/ros-qualisys/hook/ament_prefix_path.dsv"
[0.186s] -- Uninstalling "/home/zeb/ros_workspace/install/ros-qualisys/share/ament_index/resource_index/packages/ros-qualisys"
[0.190s] -- Uninstalling "/home/zeb/ros_workspace/install/ros-qualisys/include/ros-qualisys/qualisys-to-ros.hpp"
[0.193s] -- Uninstalling "/home/zeb/ros_workspace/install/ros-qualisys/lib/pkgconfig/ros-qualisys.pc"
[0.196s] -- Uninstalling "/home/zeb/ros_workspace/install/ros-qualisys/share/ros-qualisys/launch/qualisys_bauzil_bringup.launch"
[0.199s] -- Uninstalling "/home/zeb/ros_workspace/install/ros-qualisys/share/ros-qualisys/config/bauzil-qualisys.yaml"
[0.202s] -- Uninstalling "/home/zeb/ros_workspace/install/ros-qualisys/share/ros-qualisys/package.xml"
[0.202s] -- File "/home/zeb/ros_workspace/install/ros-qualisys/share/ros-qualisys/package.xml" does not exist.
[0.205s] -- Uninstalling "/home/zeb/ros_workspace/install/ros-qualisys/lib/ros-qualisys/ros-qualisys"
[0.208s] -- Uninstalling "/home/zeb/ros_workspace/install/ros-qualisys/lib/libros-qualisys.so"
[0.210s] -- Uninstalling "/home/zeb/ros_workspace/install/ros-qualisys/lib/libros-qualisys.so.1.0.0"
[0.213s] -- Uninstalling "/home/zeb/ros_workspace/install/ros-qualisys/.rosinstall"
[0.215s] -- Uninstalling "/home/zeb/ros_workspace/install/ros-qualisys/local_setup.fish"
[0.219s] -- Uninstalling "/home/zeb/ros_workspace/install/ros-qualisys/setup.fish"
[0.222s] -- Uninstalling "/home/zeb/ros_workspace/install/ros-qualisys/local_setup.zsh"
[0.225s] -- Uninstalling "/home/zeb/ros_workspace/install/ros-qualisys/setup.zsh"
[0.228s] -- Uninstalling "/home/zeb/ros_workspace/install/ros-qualisys/local_setup.sh"
[0.231s] -- Uninstalling "/home/zeb/ros_workspace/install/ros-qualisys/setup.sh"
[0.234s] -- Uninstalling "/home/zeb/ros_workspace/install/ros-qualisys/local_setup.bash"
[0.238s] -- Uninstalling "/home/zeb/ros_workspace/install/ros-qualisys/setup.bash"
[0.241s] -- Uninstalling "/home/zeb/ros_workspace/install/ros-qualisys/env.sh"
[0.243s] -- Uninstalling "/home/zeb/ros_workspace/install/ros-qualisys/_setup_util.py"
[0.246s] -- Uninstalling "/home/zeb/ros_workspace/install/ros-qualisys/include/ros-qualisys/warning.hh"
[0.249s] -- Uninstalling "/home/zeb/ros_workspace/install/ros-qualisys/include/ros-qualisys/deprecated.hh"
[0.252s] -- Uninstalling "/home/zeb/ros_workspace/install/ros-qualisys/include/ros-qualisys/config.hh"
[0.259s] make[3]: Leaving directory '/home/zeb/ros_workspace/build/ros-qualisys'
[0.264s] Built target ros-qualisys-uninstall
[0.265s] /usr/bin/make  -f CMakeFiles/uninstall.dir/build.make CMakeFiles/uninstall.dir/depend
[0.267s] make[3]: Entering directory '/home/zeb/ros_workspace/build/ros-qualisys'
[0.267s] cd /home/zeb/ros_workspace/build/ros-qualisys && /opt/cmake-3.26.4-linux-x86_64/bin/cmake -E cmake_depends "Unix Makefiles" /home/zeb/ros_workspace/src/ros-qualisys /home/zeb/ros_workspace/src/ros-qualisys /home/zeb/ros_workspace/build/ros-qualisys /home/zeb/ros_workspace/build/ros-qualisys /home/zeb/ros_workspace/build/ros-qualisys/CMakeFiles/uninstall.dir/DependInfo.cmake --color=
[0.273s] make[3]: Leaving directory '/home/zeb/ros_workspace/build/ros-qualisys'
[0.273s] /usr/bin/make  -f CMakeFiles/uninstall.dir/build.make CMakeFiles/uninstall.dir/build
[0.275s] make[3]: Entering directory '/home/zeb/ros_workspace/build/ros-qualisys'
[0.275s] make[3]: Nothing to be done for 'CMakeFiles/uninstall.dir/build'.
[0.275s] make[3]: Leaving directory '/home/zeb/ros_workspace/build/ros-qualisys'
[0.280s] Built target uninstall
[0.280s] make[2]: Leaving directory '/home/zeb/ros_workspace/build/ros-qualisys'
[0.281s] /opt/cmake-3.26.4-linux-x86_64/bin/cmake -E cmake_progress_start /home/zeb/ros_workspace/build/ros-qualisys/CMakeFiles 0
[0.284s] make[1]: Leaving directory '/home/zeb/ros_workspace/build/ros-qualisys'
[0.285s] -- Installing: /home/zeb/ros_workspace/install/ros-qualisys/include/ros-qualisys/config.hh
[0.285s] -- Installing: /home/zeb/ros_workspace/install/ros-qualisys/include/ros-qualisys/deprecated.hh
[0.285s] -- Installing: /home/zeb/ros_workspace/install/ros-qualisys/include/ros-qualisys/warning.hh
[0.286s] -- Installing: /home/zeb/ros_workspace/install/ros-qualisys/_setup_util.py
[0.286s] -- Installing: /home/zeb/ros_workspace/install/ros-qualisys/env.sh
[0.286s] -- Installing: /home/zeb/ros_workspace/install/ros-qualisys/setup.bash
[0.286s] -- Installing: /home/zeb/ros_workspace/install/ros-qualisys/local_setup.bash
[0.286s] -- Installing: /home/zeb/ros_workspace/install/ros-qualisys/setup.sh
[0.287s] -- Installing: /home/zeb/ros_workspace/install/ros-qualisys/local_setup.sh
[0.287s] -- Installing: /home/zeb/ros_workspace/install/ros-qualisys/setup.zsh
[0.287s] -- Installing: /home/zeb/ros_workspace/install/ros-qualisys/local_setup.zsh
[0.287s] -- Installing: /home/zeb/ros_workspace/install/ros-qualisys/setup.fish
[0.287s] -- Installing: /home/zeb/ros_workspace/install/ros-qualisys/local_setup.fish
[0.287s] -- Installing: /home/zeb/ros_workspace/install/ros-qualisys/.rosinstall
[0.287s] -- Installing: /home/zeb/ros_workspace/install/ros-qualisys/lib/libros-qualisys.so.1.0.0
[0.288s] -- Set runtime path of "/home/zeb/ros_workspace/install/ros-qualisys/lib/libros-qualisys.so.1.0.0" to ""
[0.288s] -- Installing: /home/zeb/ros_workspace/install/ros-qualisys/lib/libros-qualisys.so
[0.288s] -- Installing: /home/zeb/ros_workspace/install/ros-qualisys/lib/ros-qualisys/ros-qualisys
[0.289s] -- Set runtime path of "/home/zeb/ros_workspace/install/ros-qualisys/lib/ros-qualisys/ros-qualisys" to "$ORIGIN/../lib"
[0.289s] -- Installing: /home/zeb/ros_workspace/install/ros-qualisys/share/ros-qualisys/package.xml
[0.289s] -- Up-to-date: /home/zeb/ros_workspace/install/ros-qualisys/share/ros-qualisys/config
[0.289s] -- Installing: /home/zeb/ros_workspace/install/ros-qualisys/share/ros-qualisys/config/bauzil-qualisys.yaml
[0.289s] -- Up-to-date: /home/zeb/ros_workspace/install/ros-qualisys/share/ros-qualisys/launch
[0.289s] -- Installing: /home/zeb/ros_workspace/install/ros-qualisys/share/ros-qualisys/launch/qualisys_bauzil_bringup.launch
[0.289s] -- Installing: /home/zeb/ros_workspace/install/ros-qualisys/lib/pkgconfig/ros-qualisys.pc
[0.290s] -- Installing: /home/zeb/ros_workspace/install/ros-qualisys/include/ros-qualisys/qualisys-to-ros.hpp
[0.290s] -- Installing: /home/zeb/ros_workspace/install/ros-qualisys/share/ament_index/resource_index/packages/ros-qualisys
[0.290s] -- Installing: /home/zeb/ros_workspace/install/ros-qualisys/share/ros-qualisys/hook/ament_prefix_path.dsv
[0.290s] -- Installing: /home/zeb/ros_workspace/install/ros-qualisys/share/ros-qualisys/hook/python_path.dsv
[0.290s] -- Up-to-date: /home/zeb/ros_workspace/install/ros-qualisys/share/ros-qualisys/package.xml
[0.290s] -- Installing: /home/zeb/ros_workspace/install/ros-qualisys/lib/cmake/ros-qualisys/ros-qualisysConfig.cmake
[0.290s] -- Installing: /home/zeb/ros_workspace/install/ros-qualisys/lib/cmake/ros-qualisys/ros-qualisysConfigVersion.cmake
[0.290s] -- Installing: /home/zeb/ros_workspace/install/ros-qualisys/lib/cmake/ros-qualisys/ros-qualisysTargets.cmake
[0.290s] -- Installing: /home/zeb/ros_workspace/install/ros-qualisys/lib/cmake/ros-qualisys/ros-qualisysTargets-release.cmake
[0.292s] Invoked command in '/home/zeb/ros_workspace/build/ros-qualisys' returned '0': /usr/local/bin/cmake --install /home/zeb/ros_workspace/build/ros-qualisys
