/opt/cmake-3.26.4-linux-x86_64/bin/cmake -S/home/zeb/ros_workspace/src/ros-qualisys -B/home/zeb/ros_workspace/build/ros-qualisys --check-build-system CMakeFiles/Makefile.cmake 0
-- Configuring "ros-qualisys" (https://github.com/gepetto/ros-qualisys)
-- Package version (ROS package.xml): 1.0.0
-- Could NOT find Doxygen (missing: DOXYGEN_EXECUTABLE) 
-- Failed to find Doxygen, documentation will not be generated.
-- Using CATKIN_DEVEL_PREFIX: /home/zeb/ros_workspace/build/ros-qualisys/devel
-- Using CMAKE_PREFIX_PATH: /home/zeb/ros_workspace/install/ros-qualisys;/opt/ros/noetic
-- This workspace overlays: /home/zeb/ros_workspace/install/ros-qualisys;/opt/ros/noetic
-- Found PythonInterp: /usr/bin/python3 (found suitable version "3.8.10", minimum required is "3") 
-- Using PYTHON_EXECUTABLE: /usr/bin/python3
-- Using Debian Python package layout
-- Using empy: /usr/lib/python3/dist-packages/em.py
-- Using CATKIN_ENABLE_TESTING: ON
-- Call enable_testing()
-- Using CATKIN_TEST_RESULTS_DIR: /home/zeb/ros_workspace/build/ros-qualisys/test_results
-- Forcing gtest/gmock from source, though one was otherwise available.
-- Found gtest sources under '/usr/src/googletest': gtests will be built
-- Found gmock sources under '/usr/src/googletest': gmock will be built
-- Found PythonInterp: /usr/bin/python3 (found version "3.8.10") 
-- Using Python nosetests: /usr/bin/nosetests3
-- catkin 0.8.12
-- BUILD_SHARED_LIBS is on
-- Using these message generators: gencpp;geneus;genlisp;gennodejs;genpy
-- Create files for AMENT (ROS 2)
-- Configuring done (1.1s)
-- Generating done (0.1s)
-- Build files have been written to: /home/zeb/ros_workspace/build/ros-qualisys
/opt/cmake-3.26.4-linux-x86_64/bin/cmake -E cmake_progress_start /home/zeb/ros_workspace/build/ros-qualisys/CMakeFiles /home/zeb/ros_workspace/build/ros-qualisys//CMakeFiles/progress.marks
/usr/bin/make  -f CMakeFiles/Makefile2 all
make[1]: Entering directory '/home/zeb/ros_workspace/build/ros-qualisys'
/usr/bin/make  -f CMakeFiles/ros-qualisys.dir/build.make CMakeFiles/ros-qualisys.dir/depend
make[2]: Entering directory '/home/zeb/ros_workspace/build/ros-qualisys'
cd /home/zeb/ros_workspace/build/ros-qualisys && /opt/cmake-3.26.4-linux-x86_64/bin/cmake -E cmake_depends "Unix Makefiles" /home/zeb/ros_workspace/src/ros-qualisys /home/zeb/ros_workspace/src/ros-qualisys /home/zeb/ros_workspace/build/ros-qualisys /home/zeb/ros_workspace/build/ros-qualisys /home/zeb/ros_workspace/build/ros-qualisys/CMakeFiles/ros-qualisys.dir/DependInfo.cmake --color=
make[2]: Leaving directory '/home/zeb/ros_workspace/build/ros-qualisys'
/usr/bin/make  -f CMakeFiles/ros-qualisys.dir/build.make CMakeFiles/ros-qualisys.dir/build
make[2]: Entering directory '/home/zeb/ros_workspace/build/ros-qualisys'
[ 25%] [32mBuilding CXX object CMakeFiles/ros-qualisys.dir/src/qualisys-to-ros.cpp.o[0m
/usr/bin/c++ -DROSCONSOLE_BACKEND_LOG4CXX -DROS_BUILD_SHARED_LIBS=1 -DROS_PACKAGE_NAME=\"ros-qualisys\" -Dros_qualisys_EXPORTS -I/home/zeb/ros_workspace/build/ros-qualisys -I/home/zeb/ros_workspace/build/ros-qualisys/include -I/home/zeb/ros_workspace/src/ros-qualisys/include -I/opt/ros/noetic/include -I/opt/ros/noetic/share/xmlrpcpp/cmake/../../../include/xmlrpcpp -isystem /usr/local/include/qualisys_cpp_sdk -pedantic -Wno-long-long -Wall -Wextra -Wcast-align -Wcast-qual -Wformat -Wwrite-strings -Wconversion  -O3 -DNDEBUG -fPIC -MD -MT CMakeFiles/ros-qualisys.dir/src/qualisys-to-ros.cpp.o -MF CMakeFiles/ros-qualisys.dir/src/qualisys-to-ros.cpp.o.d -o CMakeFiles/ros-qualisys.dir/src/qualisys-to-ros.cpp.o -c /home/zeb/ros_workspace/src/ros-qualisys/src/qualisys-to-ros.cpp
make[2]: Leaving directory '/home/zeb/ros_workspace/build/ros-qualisys'
make[1]: Leaving directory '/home/zeb/ros_workspace/build/ros-qualisys'
