[0.014s] Invoking command in '/home/zeb/ros_workspace/build/ros-qualisys': /usr/local/bin/cmake --build /home/zeb/ros_workspace/build/ros-qualisys -- -j22 -l22
[0.021s] /opt/cmake-3.26.4-linux-x86_64/bin/cmake -S/home/zeb/ros_workspace/src/ros-qualisys -B/home/zeb/ros_workspace/build/ros-qualisys --check-build-system CMakeFiles/Makefile.cmake 0
[0.026s] /opt/cmake-3.26.4-linux-x86_64/bin/cmake -E cmake_progress_start /home/zeb/ros_workspace/build/ros-qualisys/CMakeFiles /home/zeb/ros_workspace/build/ros-qualisys//CMakeFiles/progress.marks
[0.029s] /usr/bin/make  -f CMakeFiles/Makefile2 all
[0.034s] make[1]: Entering directory '/home/zeb/ros_workspace/build/ros-qualisys'
[0.034s] /usr/bin/make  -f CMakeFiles/ros-qualisys.dir/build.make CMakeFiles/ros-qualisys.dir/depend
[0.040s] make[2]: Entering directory '/home/zeb/ros_workspace/build/ros-qualisys'
[0.040s] cd /home/zeb/ros_workspace/build/ros-qualisys && /opt/cmake-3.26.4-linux-x86_64/bin/cmake -E cmake_depends "Unix Makefiles" /home/zeb/ros_workspace/src/ros-qualisys /home/zeb/ros_workspace/src/ros-qualisys /home/zeb/ros_workspace/build/ros-qualisys /home/zeb/ros_workspace/build/ros-qualisys /home/zeb/ros_workspace/build/ros-qualisys/CMakeFiles/ros-qualisys.dir/DependInfo.cmake --color=
[0.055s] make[2]: Leaving directory '/home/zeb/ros_workspace/build/ros-qualisys'
[0.055s] /usr/bin/make  -f CMakeFiles/ros-qualisys.dir/build.make CMakeFiles/ros-qualisys.dir/build
[0.064s] make[2]: Entering directory '/home/zeb/ros_workspace/build/ros-qualisys'
[0.069s] [ 25%] Building CXX object CMakeFiles/ros-qualisys.dir/src/qualisys-to-ros.cpp.o
[0.069s] /usr/bin/c++ -DROSCONSOLE_BACKEND_LOG4CXX -DROS_BUILD_SHARED_LIBS=1 -DROS_PACKAGE_NAME=\"ros-qualisys\" -Dros_qualisys_EXPORTS -I/home/zeb/ros_workspace/build/ros-qualisys -I/home/zeb/ros_workspace/build/ros-qualisys/include -I/home/zeb/ros_workspace/src/ros-qualisys/include -I/opt/ros/noetic/include -I/opt/ros/noetic/share/xmlrpcpp/cmake/../../../include/xmlrpcpp -isystem /usr/local/include/qualisys_cpp_sdk -pedantic -Wno-long-long -Wall -Wextra -Wcast-align -Wcast-qual -Wformat -Wwrite-strings -Wconversion  -O3 -DNDEBUG -fPIC -MD -MT CMakeFiles/ros-qualisys.dir/src/qualisys-to-ros.cpp.o -MF CMakeFiles/ros-qualisys.dir/src/qualisys-to-ros.cpp.o.d -o CMakeFiles/ros-qualisys.dir/src/qualisys-to-ros.cpp.o -c /home/zeb/ros_workspace/src/ros-qualisys/src/qualisys-to-ros.cpp
[3.190s] [ 50%] Linking CXX shared library libros-qualisys.so
[3.191s] /opt/cmake-3.26.4-linux-x86_64/bin/cmake -E cmake_link_script CMakeFiles/ros-qualisys.dir/link.txt --verbose=1
[3.193s] /usr/bin/c++ -fPIC -pedantic -Wno-long-long -Wall -Wextra -Wcast-align -Wcast-qual -Wformat -Wwrite-strings -Wconversion  -O3 -DNDEBUG -shared -Wl,-soname,libros-qualisys.so.1.0.0 -o libros-qualisys.so.1.0.0 "CMakeFiles/ros-qualisys.dir/src/qualisys-to-ros.cpp.o"  -Wl,-rpath,/opt/ros/noetic/lib: /opt/ros/noetic/lib/libroscpp.so /usr/lib/x86_64-linux-gnu/libpthread.so /usr/lib/x86_64-linux-gnu/libboost_chrono.so.1.71.0 /usr/lib/x86_64-linux-gnu/libboost_filesystem.so.1.71.0 /opt/ros/noetic/lib/librosconsole.so /opt/ros/noetic/lib/librosconsole_log4cxx.so /opt/ros/noetic/lib/librosconsole_backend_interface.so /usr/lib/x86_64-linux-gnu/liblog4cxx.so /usr/lib/x86_64-linux-gnu/libboost_regex.so.1.71.0 /opt/ros/noetic/lib/libroscpp_serialization.so /opt/ros/noetic/lib/libxmlrpcpp.so /opt/ros/noetic/lib/librostime.so /usr/lib/x86_64-linux-gnu/libboost_date_time.so.1.71.0 /opt/ros/noetic/lib/libcpp_common.so /usr/lib/x86_64-linux-gnu/libboost_system.so.1.71.0 /usr/lib/x86_64-linux-gnu/libboost_thread.so.1.71.0 /usr/lib/x86_64-linux-gnu/libconsole_bridge.so.0.4 /opt/ros/noetic/lib/libtf2.so /opt/ros/noetic/lib/libroscpp_serialization.so /opt/ros/noetic/lib/librostime.so /usr/lib/x86_64-linux-gnu/libboost_date_time.so.1.71.0 /opt/ros/noetic/lib/libcpp_common.so /usr/lib/x86_64-linux-gnu/libboost_system.so.1.71.0 /usr/lib/x86_64-linux-gnu/libboost_thread.so.1.71.0 /usr/lib/x86_64-linux-gnu/libconsole_bridge.so.0.4 /opt/ros/noetic/lib/libtf2_ros.so /opt/ros/noetic/lib/libactionlib.so /opt/ros/noetic/lib/libmessage_filters.so /opt/ros/noetic/lib/libroscpp.so /usr/lib/x86_64-linux-gnu/libpthread.so /usr/lib/x86_64-linux-gnu/libboost_chrono.so.1.71.0 /usr/lib/x86_64-linux-gnu/libboost_filesystem.so.1.71.0 /opt/ros/noetic/lib/librosconsole.so /opt/ros/noetic/lib/librosconsole_log4cxx.so /opt/ros/noetic/lib/librosconsole_backend_interface.so /usr/lib/x86_64-linux-gnu/liblog4cxx.so /usr/lib/x86_64-linux-gnu/libboost_regex.so.1.71.0 /opt/ros/noetic/lib/libxmlrpcpp.so /opt/ros/noetic/lib/libtf2.so /opt/ros/noetic/lib/libroscpp_serialization.so /opt/ros/noetic/lib/librostime.so /usr/lib/x86_64-linux-gnu/libboost_date_time.so.1.71.0 /opt/ros/noetic/lib/libcpp_common.so /usr/lib/x86_64-linux-gnu/libboost_system.so.1.71.0 /usr/lib/x86_64-linux-gnu/libboost_thread.so.1.71.0 /usr/lib/x86_64-linux-gnu/libconsole_bridge.so.0.4 /opt/ros/noetic/lib/libroscpp_serialization.so /opt/ros/noetic/lib/librostime.so /usr/lib/x86_64-linux-gnu/libboost_date_time.so.1.71.0 /opt/ros/noetic/lib/libcpp_common.so /usr/lib/x86_64-linux-gnu/libboost_system.so.1.71.0 /usr/lib/x86_64-linux-gnu/libboost_thread.so.1.71.0 /usr/lib/x86_64-linux-gnu/libconsole_bridge.so.0.4 /usr/local/lib/libqualisys_cpp_sdk.a /opt/ros/noetic/lib/libtf2_ros.so /opt/ros/noetic/lib/libactionlib.so /opt/ros/noetic/lib/libmessage_filters.so 
[3.599s] /opt/cmake-3.26.4-linux-x86_64/bin/cmake -E cmake_symlink_library libros-qualisys.so.1.0.0 libros-qualisys.so.1.0.0 libros-qualisys.so
[3.603s] make[2]: Leaving directory '/home/zeb/ros_workspace/build/ros-qualisys'
[3.608s] [ 50%] Built target ros-qualisys
[3.608s] /usr/bin/make  -f CMakeFiles/ros-qualisys-node.dir/build.make CMakeFiles/ros-qualisys-node.dir/depend
[3.614s] make[2]: Entering directory '/home/zeb/ros_workspace/build/ros-qualisys'
[3.614s] cd /home/zeb/ros_workspace/build/ros-qualisys && /opt/cmake-3.26.4-linux-x86_64/bin/cmake -E cmake_depends "Unix Makefiles" /home/zeb/ros_workspace/src/ros-qualisys /home/zeb/ros_workspace/src/ros-qualisys /home/zeb/ros_workspace/build/ros-qualisys /home/zeb/ros_workspace/build/ros-qualisys /home/zeb/ros_workspace/build/ros-qualisys/CMakeFiles/ros-qualisys-node.dir/DependInfo.cmake --color=
[3.620s] make[2]: Leaving directory '/home/zeb/ros_workspace/build/ros-qualisys'
[3.620s] /usr/bin/make  -f CMakeFiles/ros-qualisys-node.dir/build.make CMakeFiles/ros-qualisys-node.dir/build
[3.626s] make[2]: Entering directory '/home/zeb/ros_workspace/build/ros-qualisys'
[3.632s] [ 75%] Building CXX object CMakeFiles/ros-qualisys-node.dir/src/ros-qualisys.cpp.o
[3.632s] /usr/bin/c++ -DROSCONSOLE_BACKEND_LOG4CXX -DROS_BUILD_SHARED_LIBS=1 -DROS_PACKAGE_NAME=\"ros-qualisys\" -I/home/zeb/ros_workspace/build/ros-qualisys -I/home/zeb/ros_workspace/build/ros-qualisys/include -I/home/zeb/ros_workspace/src/ros-qualisys/include -I/opt/ros/noetic/include -I/opt/ros/noetic/share/xmlrpcpp/cmake/../../../include/xmlrpcpp -isystem /usr/local/include/qualisys_cpp_sdk -pedantic -Wno-long-long -Wall -Wextra -Wcast-align -Wcast-qual -Wformat -Wwrite-strings -Wconversion  -O3 -DNDEBUG -MD -MT CMakeFiles/ros-qualisys-node.dir/src/ros-qualisys.cpp.o -MF CMakeFiles/ros-qualisys-node.dir/src/ros-qualisys.cpp.o.d -o CMakeFiles/ros-qualisys-node.dir/src/ros-qualisys.cpp.o -c /home/zeb/ros_workspace/src/ros-qualisys/src/ros-qualisys.cpp
[4.707s] [100%] Linking CXX executable ros-qualisys
[4.707s] /opt/cmake-3.26.4-linux-x86_64/bin/cmake -E cmake_link_script CMakeFiles/ros-qualisys-node.dir/link.txt --verbose=1
[4.710s] /usr/bin/c++ -pedantic -Wno-long-long -Wall -Wextra -Wcast-align -Wcast-qual -Wformat -Wwrite-strings -Wconversion  -O3 -DNDEBUG "CMakeFiles/ros-qualisys-node.dir/src/ros-qualisys.cpp.o" -o ros-qualisys  -Wl,-rpath,/home/zeb/ros_workspace/build/ros-qualisys:/opt/ros/noetic/lib: libros-qualisys.so.1.0.0 /opt/ros/noetic/lib/libroscpp.so /usr/lib/x86_64-linux-gnu/libpthread.so /usr/lib/x86_64-linux-gnu/libboost_chrono.so.1.71.0 /usr/lib/x86_64-linux-gnu/libboost_filesystem.so.1.71.0 /opt/ros/noetic/lib/librosconsole.so /opt/ros/noetic/lib/librosconsole_log4cxx.so /opt/ros/noetic/lib/librosconsole_backend_interface.so /usr/lib/x86_64-linux-gnu/liblog4cxx.so /usr/lib/x86_64-linux-gnu/libboost_regex.so.1.71.0 /opt/ros/noetic/lib/libroscpp_serialization.so /opt/ros/noetic/lib/libxmlrpcpp.so /opt/ros/noetic/lib/librostime.so /usr/lib/x86_64-linux-gnu/libboost_date_time.so.1.71.0 /opt/ros/noetic/lib/libcpp_common.so /usr/lib/x86_64-linux-gnu/libboost_system.so.1.71.0 /usr/lib/x86_64-linux-gnu/libboost_thread.so.1.71.0 /usr/lib/x86_64-linux-gnu/libconsole_bridge.so.0.4 /opt/ros/noetic/lib/libtf2.so /opt/ros/noetic/lib/libtf2_ros.so /opt/ros/noetic/lib/libactionlib.so /opt/ros/noetic/lib/libmessage_filters.so /opt/ros/noetic/lib/libroscpp.so /usr/lib/x86_64-linux-gnu/libpthread.so /usr/lib/x86_64-linux-gnu/libboost_chrono.so.1.71.0 /usr/lib/x86_64-linux-gnu/libboost_filesystem.so.1.71.0 /opt/ros/noetic/lib/librosconsole.so /opt/ros/noetic/lib/librosconsole_log4cxx.so /opt/ros/noetic/lib/librosconsole_backend_interface.so /usr/lib/x86_64-linux-gnu/liblog4cxx.so /usr/lib/x86_64-linux-gnu/libboost_regex.so.1.71.0 /opt/ros/noetic/lib/libroscpp_serialization.so /opt/ros/noetic/lib/libxmlrpcpp.so /opt/ros/noetic/lib/librostime.so /usr/lib/x86_64-linux-gnu/libboost_date_time.so.1.71.0 /opt/ros/noetic/lib/libcpp_common.so /usr/lib/x86_64-linux-gnu/libboost_system.so.1.71.0 /usr/lib/x86_64-linux-gnu/libboost_thread.so.1.71.0 /usr/lib/x86_64-linux-gnu/libconsole_bridge.so.0.4 /opt/ros/noetic/lib/libtf2.so /opt/ros/noetic/lib/libtf2_ros.so /opt/ros/noetic/lib/libactionlib.so /opt/ros/noetic/lib/libmessage_filters.so /usr/local/lib/libqualisys_cpp_sdk.a 
[4.822s] make[2]: Leaving directory '/home/zeb/ros_workspace/build/ros-qualisys'
[4.827s] [100%] Built target ros-qualisys-node
[4.827s] make[1]: Leaving directory '/home/zeb/ros_workspace/build/ros-qualisys'
[4.828s] /opt/cmake-3.26.4-linux-x86_64/bin/cmake -E cmake_progress_start /home/zeb/ros_workspace/build/ros-qualisys/CMakeFiles 0
[4.832s] Invoked command in '/home/zeb/ros_workspace/build/ros-qualisys' returned '0': /usr/local/bin/cmake --build /home/zeb/ros_workspace/build/ros-qualisys -- -j22 -l22
[4.841s] Invoking command in '/home/zeb/ros_workspace/build/ros-qualisys': /usr/local/bin/cmake --install /home/zeb/ros_workspace/build/ros-qualisys
[4.845s] -- Install configuration: "Release"
[4.853s] /opt/cmake-3.26.4-linux-x86_64/bin/cmake -S/home/zeb/ros_workspace/src/ros-qualisys -B/home/zeb/ros_workspace/build/ros-qualisys --check-build-system CMakeFiles/Makefile.cmake 0
[4.859s] /usr/bin/make  -f CMakeFiles/Makefile2 uninstall
[4.864s] make[1]: Entering directory '/home/zeb/ros_workspace/build/ros-qualisys'
[4.864s] /opt/cmake-3.26.4-linux-x86_64/bin/cmake -S/home/zeb/ros_workspace/src/ros-qualisys -B/home/zeb/ros_workspace/build/ros-qualisys --check-build-system CMakeFiles/Makefile.cmake 0
[4.870s] /opt/cmake-3.26.4-linux-x86_64/bin/cmake -E cmake_progress_start /home/zeb/ros_workspace/build/ros-qualisys/CMakeFiles 0
[4.872s] /usr/bin/make  -f CMakeFiles/Makefile2 CMakeFiles/uninstall.dir/all
[4.878s] make[2]: Entering directory '/home/zeb/ros_workspace/build/ros-qualisys'
[4.878s] /usr/bin/make  -f CMakeFiles/ros-qualisys-uninstall.dir/build.make CMakeFiles/ros-qualisys-uninstall.dir/depend
[4.881s] make[3]: Entering directory '/home/zeb/ros_workspace/build/ros-qualisys'
[4.881s] cd /home/zeb/ros_workspace/build/ros-qualisys && /opt/cmake-3.26.4-linux-x86_64/bin/cmake -E cmake_depends "Unix Makefiles" /home/zeb/ros_workspace/src/ros-qualisys /home/zeb/ros_workspace/src/ros-qualisys /home/zeb/ros_workspace/build/ros-qualisys /home/zeb/ros_workspace/build/ros-qualisys /home/zeb/ros_workspace/build/ros-qualisys/CMakeFiles/ros-qualisys-uninstall.dir/DependInfo.cmake --color=
[4.886s] make[3]: Leaving directory '/home/zeb/ros_workspace/build/ros-qualisys'
[4.887s] /usr/bin/make  -f CMakeFiles/ros-qualisys-uninstall.dir/build.make CMakeFiles/ros-qualisys-uninstall.dir/build
[4.889s] make[3]: Entering directory '/home/zeb/ros_workspace/build/ros-qualisys'
[4.889s] /opt/cmake-3.26.4-linux-x86_64/bin/cmake -DPACKAGE_CREATES_DOT_CATKIN=TRUE -P /home/zeb/ros_workspace/build/ros-qualisys/cmake/cmake_uninstall.cmake
[4.892s] -- catkin path: /home/zeb/ros_workspace/install/ros-qualisys/.catkin
[4.892s] -- Try to remove /home/zeb/ros_workspace/install/ros-qualisys/.catkin
[4.896s] -- Uninstalling "/home/zeb/ros_workspace/install/ros-qualisys/lib/cmake/ros-qualisys/ros-qualisysTargets-release.cmake"
[4.899s] -- Uninstalling "/home/zeb/ros_workspace/install/ros-qualisys/lib/cmake/ros-qualisys/ros-qualisysTargets.cmake"
[4.903s] -- Uninstalling "/home/zeb/ros_workspace/install/ros-qualisys/lib/cmake/ros-qualisys/ros-qualisysConfigVersion.cmake"
[4.906s] -- Uninstalling "/home/zeb/ros_workspace/install/ros-qualisys/lib/cmake/ros-qualisys/ros-qualisysConfig.cmake"
[4.909s] -- Uninstalling "/home/zeb/ros_workspace/install/ros-qualisys/share/ros-qualisys/package.xml"
[4.912s] -- Uninstalling "/home/zeb/ros_workspace/install/ros-qualisys/share/ros-qualisys/hook/python_path.dsv"
[4.916s] -- Uninstalling "/home/zeb/ros_workspace/install/ros-qualisys/share/ros-qualisys/hook/ament_prefix_path.dsv"
[4.919s] -- Uninstalling "/home/zeb/ros_workspace/install/ros-qualisys/share/ament_index/resource_index/packages/ros-qualisys"
[4.922s] -- Uninstalling "/home/zeb/ros_workspace/install/ros-qualisys/include/ros-qualisys/qualisys-to-ros.hpp"
[4.925s] -- Uninstalling "/home/zeb/ros_workspace/install/ros-qualisys/lib/pkgconfig/ros-qualisys.pc"
[4.928s] -- Uninstalling "/home/zeb/ros_workspace/install/ros-qualisys/share/ros-qualisys/launch/qualisys_bauzil_bringup.launch"
[4.932s] -- Uninstalling "/home/zeb/ros_workspace/install/ros-qualisys/share/ros-qualisys/config/bauzil-qualisys.yaml"
[4.935s] -- Uninstalling "/home/zeb/ros_workspace/install/ros-qualisys/share/ros-qualisys/package.xml"
[4.935s] -- File "/home/zeb/ros_workspace/install/ros-qualisys/share/ros-qualisys/package.xml" does not exist.
[4.938s] -- Uninstalling "/home/zeb/ros_workspace/install/ros-qualisys/lib/ros-qualisys/ros-qualisys"
[4.941s] -- Uninstalling "/home/zeb/ros_workspace/install/ros-qualisys/lib/libros-qualisys.so"
[4.944s] -- Uninstalling "/home/zeb/ros_workspace/install/ros-qualisys/lib/libros-qualisys.so.1.0.0"
[4.948s] -- Uninstalling "/home/zeb/ros_workspace/install/ros-qualisys/.rosinstall"
[4.951s] -- Uninstalling "/home/zeb/ros_workspace/install/ros-qualisys/local_setup.fish"
[4.954s] -- Uninstalling "/home/zeb/ros_workspace/install/ros-qualisys/setup.fish"
[4.957s] -- Uninstalling "/home/zeb/ros_workspace/install/ros-qualisys/local_setup.zsh"
[4.961s] -- Uninstalling "/home/zeb/ros_workspace/install/ros-qualisys/setup.zsh"
[4.964s] -- Uninstalling "/home/zeb/ros_workspace/install/ros-qualisys/local_setup.sh"
[4.967s] -- Uninstalling "/home/zeb/ros_workspace/install/ros-qualisys/setup.sh"
[4.970s] -- Uninstalling "/home/zeb/ros_workspace/install/ros-qualisys/local_setup.bash"
[4.973s] -- Uninstalling "/home/zeb/ros_workspace/install/ros-qualisys/setup.bash"
[4.976s] -- Uninstalling "/home/zeb/ros_workspace/install/ros-qualisys/env.sh"
[4.980s] -- Uninstalling "/home/zeb/ros_workspace/install/ros-qualisys/_setup_util.py"
[4.983s] -- Uninstalling "/home/zeb/ros_workspace/install/ros-qualisys/include/ros-qualisys/warning.hh"
[4.986s] -- Uninstalling "/home/zeb/ros_workspace/install/ros-qualisys/include/ros-qualisys/deprecated.hh"
[4.989s] -- Uninstalling "/home/zeb/ros_workspace/install/ros-qualisys/include/ros-qualisys/config.hh"
[4.995s] make[3]: Leaving directory '/home/zeb/ros_workspace/build/ros-qualisys'
[4.999s] Built target ros-qualisys-uninstall
[4.999s] /usr/bin/make  -f CMakeFiles/uninstall.dir/build.make CMakeFiles/uninstall.dir/depend
[5.002s] make[3]: Entering directory '/home/zeb/ros_workspace/build/ros-qualisys'
[5.002s] cd /home/zeb/ros_workspace/build/ros-qualisys && /opt/cmake-3.26.4-linux-x86_64/bin/cmake -E cmake_depends "Unix Makefiles" /home/zeb/ros_workspace/src/ros-qualisys /home/zeb/ros_workspace/src/ros-qualisys /home/zeb/ros_workspace/build/ros-qualisys /home/zeb/ros_workspace/build/ros-qualisys /home/zeb/ros_workspace/build/ros-qualisys/CMakeFiles/uninstall.dir/DependInfo.cmake --color=
[5.007s] make[3]: Leaving directory '/home/zeb/ros_workspace/build/ros-qualisys'
[5.007s] /usr/bin/make  -f CMakeFiles/uninstall.dir/build.make CMakeFiles/uninstall.dir/build
[5.009s] make[3]: Entering directory '/home/zeb/ros_workspace/build/ros-qualisys'
[5.009s] make[3]: Nothing to be done for 'CMakeFiles/uninstall.dir/build'.
[5.009s] make[3]: Leaving directory '/home/zeb/ros_workspace/build/ros-qualisys'
[5.014s] Built target uninstall
[5.014s] make[2]: Leaving directory '/home/zeb/ros_workspace/build/ros-qualisys'
[5.014s] /opt/cmake-3.26.4-linux-x86_64/bin/cmake -E cmake_progress_start /home/zeb/ros_workspace/build/ros-qualisys/CMakeFiles 0
[5.017s] make[1]: Leaving directory '/home/zeb/ros_workspace/build/ros-qualisys'
[5.018s] -- Installing: /home/zeb/ros_workspace/install/ros-qualisys/include/ros-qualisys/config.hh
[5.018s] -- Installing: /home/zeb/ros_workspace/install/ros-qualisys/include/ros-qualisys/deprecated.hh
[5.018s] -- Installing: /home/zeb/ros_workspace/install/ros-qualisys/include/ros-qualisys/warning.hh
[5.019s] -- Installing: /home/zeb/ros_workspace/install/ros-qualisys/_setup_util.py
[5.019s] -- Installing: /home/zeb/ros_workspace/install/ros-qualisys/env.sh
[5.019s] -- Installing: /home/zeb/ros_workspace/install/ros-qualisys/setup.bash
[5.019s] -- Installing: /home/zeb/ros_workspace/install/ros-qualisys/local_setup.bash
[5.019s] -- Installing: /home/zeb/ros_workspace/install/ros-qualisys/setup.sh
[5.020s] -- Installing: /home/zeb/ros_workspace/install/ros-qualisys/local_setup.sh
[5.020s] -- Installing: /home/zeb/ros_workspace/install/ros-qualisys/setup.zsh
[5.020s] -- Installing: /home/zeb/ros_workspace/install/ros-qualisys/local_setup.zsh
[5.020s] -- Installing: /home/zeb/ros_workspace/install/ros-qualisys/setup.fish
[5.020s] -- Installing: /home/zeb/ros_workspace/install/ros-qualisys/local_setup.fish
[5.020s] -- Installing: /home/zeb/ros_workspace/install/ros-qualisys/.rosinstall
[5.020s] -- Installing: /home/zeb/ros_workspace/install/ros-qualisys/lib/libros-qualisys.so.1.0.0
[5.021s] -- Set runtime path of "/home/zeb/ros_workspace/install/ros-qualisys/lib/libros-qualisys.so.1.0.0" to ""
[5.021s] -- Installing: /home/zeb/ros_workspace/install/ros-qualisys/lib/libros-qualisys.so
[5.021s] -- Installing: /home/zeb/ros_workspace/install/ros-qualisys/lib/ros-qualisys/ros-qualisys
[5.021s] -- Set runtime path of "/home/zeb/ros_workspace/install/ros-qualisys/lib/ros-qualisys/ros-qualisys" to "$ORIGIN/../lib"
[5.021s] -- Installing: /home/zeb/ros_workspace/install/ros-qualisys/share/ros-qualisys/package.xml
[5.022s] -- Up-to-date: /home/zeb/ros_workspace/install/ros-qualisys/share/ros-qualisys/config
[5.022s] -- Installing: /home/zeb/ros_workspace/install/ros-qualisys/share/ros-qualisys/config/bauzil-qualisys.yaml
[5.022s] -- Up-to-date: /home/zeb/ros_workspace/install/ros-qualisys/share/ros-qualisys/launch
[5.022s] -- Installing: /home/zeb/ros_workspace/install/ros-qualisys/share/ros-qualisys/launch/qualisys_bauzil_bringup.launch
[5.022s] -- Installing: /home/zeb/ros_workspace/install/ros-qualisys/lib/pkgconfig/ros-qualisys.pc
[5.022s] -- Installing: /home/zeb/ros_workspace/install/ros-qualisys/include/ros-qualisys/qualisys-to-ros.hpp
[5.022s] -- Installing: /home/zeb/ros_workspace/install/ros-qualisys/share/ament_index/resource_index/packages/ros-qualisys
[5.022s] -- Installing: /home/zeb/ros_workspace/install/ros-qualisys/share/ros-qualisys/hook/ament_prefix_path.dsv
[5.022s] -- Installing: /home/zeb/ros_workspace/install/ros-qualisys/share/ros-qualisys/hook/python_path.dsv
[5.022s] -- Up-to-date: /home/zeb/ros_workspace/install/ros-qualisys/share/ros-qualisys/package.xml
[5.022s] -- Installing: /home/zeb/ros_workspace/install/ros-qualisys/lib/cmake/ros-qualisys/ros-qualisysConfig.cmake
[5.022s] -- Installing: /home/zeb/ros_workspace/install/ros-qualisys/lib/cmake/ros-qualisys/ros-qualisysConfigVersion.cmake
[5.023s] -- Installing: /home/zeb/ros_workspace/install/ros-qualisys/lib/cmake/ros-qualisys/ros-qualisysTargets.cmake
[5.023s] -- Installing: /home/zeb/ros_workspace/install/ros-qualisys/lib/cmake/ros-qualisys/ros-qualisysTargets-release.cmake
[5.023s] Invoked command in '/home/zeb/ros_workspace/build/ros-qualisys' returned '0': /usr/local/bin/cmake --install /home/zeb/ros_workspace/build/ros-qualisys
