[0.014s] Invoking command in '/home/zeb/ros_workspace/build/ros-qualisys': /usr/local/bin/cmake --build /home/zeb/ros_workspace/build/ros-qualisys -- -j22 -l22
[0.021s] /opt/cmake-3.26.4-linux-x86_64/bin/cmake -S/home/zeb/ros_workspace/src/ros-qualisys -B/home/zeb/ros_workspace/build/ros-qualisys --check-build-system CMakeFiles/Makefile.cmake 0
[0.760s] -- Configuring "ros-qualisys" (https://github.com/gepetto/ros-qualisys)
[0.760s] -- Package version (ROS package.xml): 1.0.0
[0.816s] -- Could NOT find Doxygen (missing: DOXYGEN_EXECUTABLE) 
[0.816s] -- Failed to find Doxygen, documentation will not be generated.
[0.884s] -- Using CATKIN_DEVEL_PREFIX: /home/zeb/ros_workspace/build/ros-qualisys/devel
[0.884s] -- Using CMAKE_PREFIX_PATH: /home/zeb/ros_workspace/install/ros-qualisys;/opt/ros/noetic
[0.884s] -- This workspace overlays: /home/zeb/ros_workspace/install/ros-qualisys;/opt/ros/noetic
[0.925s] -- Found PythonInterp: /usr/bin/python3 (found suitable version "3.8.10", minimum required is "3") 
[0.925s] -- Using PYTHON_EXECUTABLE: /usr/bin/python3
[0.925s] -- Using Debian Python package layout
[0.926s] -- Using empy: /usr/lib/python3/dist-packages/em.py
[1.026s] -- Using CATKIN_ENABLE_TESTING: ON
[1.026s] -- Call enable_testing()
[1.027s] -- Using CATKIN_TEST_RESULTS_DIR: /home/zeb/ros_workspace/build/ros-qualisys/test_results
[1.083s] -- Forcing gtest/gmock from source, though one was otherwise available.
[1.083s] -- Found gtest sources under '/usr/src/googletest': gtests will be built
[1.083s] -- Found gmock sources under '/usr/src/googletest': gmock will be built
[1.084s] [0mCMake Deprecation Warning at /usr/src/googletest/CMakeLists.txt:4 (cmake_minimum_required):
[1.084s]   Compatibility with CMake < 2.8.12 will be removed from a future version of
[1.084s]   CMake.
[1.084s] 
[1.084s]   Update the VERSION argument <min> value or use a ...<max> suffix to tell
[1.084s]   CMake that the project does not need compatibility with older versions.
[1.084s] 
[1.084s] [0m
[1.087s] [0mCMake Deprecation Warning at /usr/src/googletest/googlemock/CMakeLists.txt:45 (cmake_minimum_required):
[1.087s]   Compatibility with CMake < 2.8.12 will be removed from a future version of
[1.087s]   CMake.
[1.087s] 
[1.087s]   Update the VERSION argument <min> value or use a ...<max> suffix to tell
[1.087s]   CMake that the project does not need compatibility with older versions.
[1.087s] 
[1.087s] [0m
[1.088s] [0mCMake Deprecation Warning at /usr/src/googletest/googletest/CMakeLists.txt:56 (cmake_minimum_required):
[1.088s]   Compatibility with CMake < 2.8.12 will be removed from a future version of
[1.088s]   CMake.
[1.088s] 
[1.088s]   Update the VERSION argument <min> value or use a ...<max> suffix to tell
[1.088s]   CMake that the project does not need compatibility with older versions.
[1.088s] 
[1.088s] [0m
[1.135s] -- Found PythonInterp: /usr/bin/python3 (found version "3.8.10") 
[1.146s] -- Using Python nosetests: /usr/bin/nosetests3
[1.192s] -- catkin 0.8.12
[1.192s] -- BUILD_SHARED_LIBS is on
[1.370s] -- Using these message generators: gencpp;geneus;genlisp;gennodejs;genpy
[1.406s] -- Create files for AMENT (ROS 2)
[1.408s] -- Configuring done (1.4s)
[1.444s] -- Generating done (0.0s)
[1.477s] -- Build files have been written to: /home/zeb/ros_workspace/build/ros-qualisys
[1.481s] /opt/cmake-3.26.4-linux-x86_64/bin/cmake -E cmake_progress_start /home/zeb/ros_workspace/build/ros-qualisys/CMakeFiles /home/zeb/ros_workspace/build/ros-qualisys//CMakeFiles/progress.marks
[1.483s] /usr/bin/make  -f CMakeFiles/Makefile2 all
[1.485s] make[1]: Entering directory '/home/zeb/ros_workspace/build/ros-qualisys'
[1.485s] /usr/bin/make  -f CMakeFiles/ros-qualisys.dir/build.make CMakeFiles/ros-qualisys.dir/depend
[1.488s] make[2]: Entering directory '/home/zeb/ros_workspace/build/ros-qualisys'
[1.488s] cd /home/zeb/ros_workspace/build/ros-qualisys && /opt/cmake-3.26.4-linux-x86_64/bin/cmake -E cmake_depends "Unix Makefiles" /home/zeb/ros_workspace/src/ros-qualisys /home/zeb/ros_workspace/src/ros-qualisys /home/zeb/ros_workspace/build/ros-qualisys /home/zeb/ros_workspace/build/ros-qualisys /home/zeb/ros_workspace/build/ros-qualisys/CMakeFiles/ros-qualisys.dir/DependInfo.cmake --color=
[1.502s] make[2]: Leaving directory '/home/zeb/ros_workspace/build/ros-qualisys'
[1.502s] /usr/bin/make  -f CMakeFiles/ros-qualisys.dir/build.make CMakeFiles/ros-qualisys.dir/build
[1.510s] make[2]: Entering directory '/home/zeb/ros_workspace/build/ros-qualisys'
[1.510s] make[2]: Nothing to be done for 'CMakeFiles/ros-qualisys.dir/build'.
[1.510s] make[2]: Leaving directory '/home/zeb/ros_workspace/build/ros-qualisys'
[1.514s] [ 50%] Built target ros-qualisys
[1.515s] /usr/bin/make  -f CMakeFiles/ros-qualisys-node.dir/build.make CMakeFiles/ros-qualisys-node.dir/depend
[1.518s] make[2]: Entering directory '/home/zeb/ros_workspace/build/ros-qualisys'
[1.518s] cd /home/zeb/ros_workspace/build/ros-qualisys && /opt/cmake-3.26.4-linux-x86_64/bin/cmake -E cmake_depends "Unix Makefiles" /home/zeb/ros_workspace/src/ros-qualisys /home/zeb/ros_workspace/src/ros-qualisys /home/zeb/ros_workspace/build/ros-qualisys /home/zeb/ros_workspace/build/ros-qualisys /home/zeb/ros_workspace/build/ros-qualisys/CMakeFiles/ros-qualisys-node.dir/DependInfo.cmake --color=
[1.526s] make[2]: Leaving directory '/home/zeb/ros_workspace/build/ros-qualisys'
[1.526s] /usr/bin/make  -f CMakeFiles/ros-qualisys-node.dir/build.make CMakeFiles/ros-qualisys-node.dir/build
[1.534s] make[2]: Entering directory '/home/zeb/ros_workspace/build/ros-qualisys'
[1.534s] make[2]: Nothing to be done for 'CMakeFiles/ros-qualisys-node.dir/build'.
[1.534s] make[2]: Leaving directory '/home/zeb/ros_workspace/build/ros-qualisys'
[1.539s] [100%] Built target ros-qualisys-node
[1.539s] make[1]: Leaving directory '/home/zeb/ros_workspace/build/ros-qualisys'
[1.539s] /opt/cmake-3.26.4-linux-x86_64/bin/cmake -E cmake_progress_start /home/zeb/ros_workspace/build/ros-qualisys/CMakeFiles 0
[1.544s] Invoked command in '/home/zeb/ros_workspace/build/ros-qualisys' returned '0': /usr/local/bin/cmake --build /home/zeb/ros_workspace/build/ros-qualisys -- -j22 -l22
[1.553s] Invoking command in '/home/zeb/ros_workspace/build/ros-qualisys': /usr/local/bin/cmake --install /home/zeb/ros_workspace/build/ros-qualisys
[1.556s] -- Install configuration: "Release"
[1.564s] /opt/cmake-3.26.4-linux-x86_64/bin/cmake -S/home/zeb/ros_workspace/src/ros-qualisys -B/home/zeb/ros_workspace/build/ros-qualisys --check-build-system CMakeFiles/Makefile.cmake 0
[1.570s] /usr/bin/make  -f CMakeFiles/Makefile2 uninstall
[1.575s] make[1]: Entering directory '/home/zeb/ros_workspace/build/ros-qualisys'
[1.575s] /opt/cmake-3.26.4-linux-x86_64/bin/cmake -S/home/zeb/ros_workspace/src/ros-qualisys -B/home/zeb/ros_workspace/build/ros-qualisys --check-build-system CMakeFiles/Makefile.cmake 0
[1.581s] /opt/cmake-3.26.4-linux-x86_64/bin/cmake -E cmake_progress_start /home/zeb/ros_workspace/build/ros-qualisys/CMakeFiles 0
[1.584s] /usr/bin/make  -f CMakeFiles/Makefile2 CMakeFiles/uninstall.dir/all
[1.589s] make[2]: Entering directory '/home/zeb/ros_workspace/build/ros-qualisys'
[1.589s] /usr/bin/make  -f CMakeFiles/ros-qualisys-uninstall.dir/build.make CMakeFiles/ros-qualisys-uninstall.dir/depend
[1.591s] make[3]: Entering directory '/home/zeb/ros_workspace/build/ros-qualisys'
[1.591s] cd /home/zeb/ros_workspace/build/ros-qualisys && /opt/cmake-3.26.4-linux-x86_64/bin/cmake -E cmake_depends "Unix Makefiles" /home/zeb/ros_workspace/src/ros-qualisys /home/zeb/ros_workspace/src/ros-qualisys /home/zeb/ros_workspace/build/ros-qualisys /home/zeb/ros_workspace/build/ros-qualisys /home/zeb/ros_workspace/build/ros-qualisys/CMakeFiles/ros-qualisys-uninstall.dir/DependInfo.cmake --color=
[1.597s] make[3]: Leaving directory '/home/zeb/ros_workspace/build/ros-qualisys'
[1.597s] /usr/bin/make  -f CMakeFiles/ros-qualisys-uninstall.dir/build.make CMakeFiles/ros-qualisys-uninstall.dir/build
[1.599s] make[3]: Entering directory '/home/zeb/ros_workspace/build/ros-qualisys'
[1.599s] /opt/cmake-3.26.4-linux-x86_64/bin/cmake -DPACKAGE_CREATES_DOT_CATKIN=TRUE -P /home/zeb/ros_workspace/build/ros-qualisys/cmake/cmake_uninstall.cmake
[1.603s] -- catkin path: /home/zeb/ros_workspace/install/ros-qualisys/.catkin
[1.603s] -- Try to remove /home/zeb/ros_workspace/install/ros-qualisys/.catkin
[1.606s] -- Uninstalling "/home/zeb/ros_workspace/install/ros-qualisys/lib/cmake/ros-qualisys/ros-qualisysTargets-release.cmake"
[1.609s] -- Uninstalling "/home/zeb/ros_workspace/install/ros-qualisys/lib/cmake/ros-qualisys/ros-qualisysTargets.cmake"
[1.613s] -- Uninstalling "/home/zeb/ros_workspace/install/ros-qualisys/lib/cmake/ros-qualisys/ros-qualisysConfigVersion.cmake"
[1.616s] -- Uninstalling "/home/zeb/ros_workspace/install/ros-qualisys/lib/cmake/ros-qualisys/ros-qualisysConfig.cmake"
[1.619s] -- Uninstalling "/home/zeb/ros_workspace/install/ros-qualisys/share/ros-qualisys/package.xml"
[1.623s] -- Uninstalling "/home/zeb/ros_workspace/install/ros-qualisys/share/ros-qualisys/hook/python_path.dsv"
[1.626s] -- Uninstalling "/home/zeb/ros_workspace/install/ros-qualisys/share/ros-qualisys/hook/ament_prefix_path.dsv"
[1.630s] -- Uninstalling "/home/zeb/ros_workspace/install/ros-qualisys/share/ament_index/resource_index/packages/ros-qualisys"
[1.633s] -- Uninstalling "/home/zeb/ros_workspace/install/ros-qualisys/include/ros-qualisys/qualisys-to-ros.hpp"
[1.636s] -- Uninstalling "/home/zeb/ros_workspace/install/ros-qualisys/lib/pkgconfig/ros-qualisys.pc"
[1.639s] -- Uninstalling "/home/zeb/ros_workspace/install/ros-qualisys/share/ros-qualisys/launch/qualisys_bauzil_bringup.launch"
[1.642s] -- Uninstalling "/home/zeb/ros_workspace/install/ros-qualisys/share/ros-qualisys/config/bauzil-qualisys.yaml"
[1.646s] -- Uninstalling "/home/zeb/ros_workspace/install/ros-qualisys/share/ros-qualisys/package.xml"
[1.646s] -- File "/home/zeb/ros_workspace/install/ros-qualisys/share/ros-qualisys/package.xml" does not exist.
[1.649s] -- Uninstalling "/home/zeb/ros_workspace/install/ros-qualisys/lib/ros-qualisys/ros-qualisys"
[1.652s] -- Uninstalling "/home/zeb/ros_workspace/install/ros-qualisys/lib/libros-qualisys.so"
[1.654s] -- Uninstalling "/home/zeb/ros_workspace/install/ros-qualisys/lib/libros-qualisys.so.1.0.0"
[1.658s] -- Uninstalling "/home/zeb/ros_workspace/install/ros-qualisys/.rosinstall"
[1.660s] -- Uninstalling "/home/zeb/ros_workspace/install/ros-qualisys/local_setup.fish"
[1.663s] -- Uninstalling "/home/zeb/ros_workspace/install/ros-qualisys/setup.fish"
[1.665s] -- Uninstalling "/home/zeb/ros_workspace/install/ros-qualisys/local_setup.zsh"
[1.668s] -- Uninstalling "/home/zeb/ros_workspace/install/ros-qualisys/setup.zsh"
[1.670s] -- Uninstalling "/home/zeb/ros_workspace/install/ros-qualisys/local_setup.sh"
[1.672s] -- Uninstalling "/home/zeb/ros_workspace/install/ros-qualisys/setup.sh"
[1.675s] -- Uninstalling "/home/zeb/ros_workspace/install/ros-qualisys/local_setup.bash"
[1.676s] -- Uninstalling "/home/zeb/ros_workspace/install/ros-qualisys/setup.bash"
[1.678s] -- Uninstalling "/home/zeb/ros_workspace/install/ros-qualisys/env.sh"
[1.680s] -- Uninstalling "/home/zeb/ros_workspace/install/ros-qualisys/_setup_util.py"
[1.682s] -- Uninstalling "/home/zeb/ros_workspace/install/ros-qualisys/include/ros-qualisys/warning.hh"
[1.684s] -- Uninstalling "/home/zeb/ros_workspace/install/ros-qualisys/include/ros-qualisys/deprecated.hh"
[1.687s] -- Uninstalling "/home/zeb/ros_workspace/install/ros-qualisys/include/ros-qualisys/config.hh"
[1.693s] make[3]: Leaving directory '/home/zeb/ros_workspace/build/ros-qualisys'
[1.697s] Built target ros-qualisys-uninstall
[1.697s] /usr/bin/make  -f CMakeFiles/uninstall.dir/build.make CMakeFiles/uninstall.dir/depend
[1.700s] make[3]: Entering directory '/home/zeb/ros_workspace/build/ros-qualisys'
[1.700s] cd /home/zeb/ros_workspace/build/ros-qualisys && /opt/cmake-3.26.4-linux-x86_64/bin/cmake -E cmake_depends "Unix Makefiles" /home/zeb/ros_workspace/src/ros-qualisys /home/zeb/ros_workspace/src/ros-qualisys /home/zeb/ros_workspace/build/ros-qualisys /home/zeb/ros_workspace/build/ros-qualisys /home/zeb/ros_workspace/build/ros-qualisys/CMakeFiles/uninstall.dir/DependInfo.cmake --color=
[1.705s] make[3]: Leaving directory '/home/zeb/ros_workspace/build/ros-qualisys'
[1.705s] /usr/bin/make  -f CMakeFiles/uninstall.dir/build.make CMakeFiles/uninstall.dir/build
[1.707s] make[3]: Entering directory '/home/zeb/ros_workspace/build/ros-qualisys'
[1.707s] make[3]: Nothing to be done for 'CMakeFiles/uninstall.dir/build'.
[1.708s] make[3]: Leaving directory '/home/zeb/ros_workspace/build/ros-qualisys'
[1.712s] Built target uninstall
[1.712s] make[2]: Leaving directory '/home/zeb/ros_workspace/build/ros-qualisys'
[1.713s] /opt/cmake-3.26.4-linux-x86_64/bin/cmake -E cmake_progress_start /home/zeb/ros_workspace/build/ros-qualisys/CMakeFiles 0
[1.715s] make[1]: Leaving directory '/home/zeb/ros_workspace/build/ros-qualisys'
[1.716s] -- Installing: /home/zeb/ros_workspace/install/ros-qualisys/include/ros-qualisys/config.hh
[1.716s] -- Installing: /home/zeb/ros_workspace/install/ros-qualisys/include/ros-qualisys/deprecated.hh
[1.716s] -- Installing: /home/zeb/ros_workspace/install/ros-qualisys/include/ros-qualisys/warning.hh
[1.717s] -- Installing: /home/zeb/ros_workspace/install/ros-qualisys/_setup_util.py
[1.717s] -- Installing: /home/zeb/ros_workspace/install/ros-qualisys/env.sh
[1.717s] -- Installing: /home/zeb/ros_workspace/install/ros-qualisys/setup.bash
[1.717s] -- Installing: /home/zeb/ros_workspace/install/ros-qualisys/local_setup.bash
[1.717s] -- Installing: /home/zeb/ros_workspace/install/ros-qualisys/setup.sh
[1.717s] -- Installing: /home/zeb/ros_workspace/install/ros-qualisys/local_setup.sh
[1.717s] -- Installing: /home/zeb/ros_workspace/install/ros-qualisys/setup.zsh
[1.717s] -- Installing: /home/zeb/ros_workspace/install/ros-qualisys/local_setup.zsh
[1.718s] -- Installing: /home/zeb/ros_workspace/install/ros-qualisys/setup.fish
[1.718s] -- Installing: /home/zeb/ros_workspace/install/ros-qualisys/local_setup.fish
[1.718s] -- Installing: /home/zeb/ros_workspace/install/ros-qualisys/.rosinstall
[1.718s] -- Installing: /home/zeb/ros_workspace/install/ros-qualisys/lib/libros-qualisys.so.1.0.0
[1.719s] -- Set runtime path of "/home/zeb/ros_workspace/install/ros-qualisys/lib/libros-qualisys.so.1.0.0" to ""
[1.719s] -- Installing: /home/zeb/ros_workspace/install/ros-qualisys/lib/libros-qualisys.so
[1.719s] -- Installing: /home/zeb/ros_workspace/install/ros-qualisys/lib/ros-qualisys/ros-qualisys
[1.719s] -- Set runtime path of "/home/zeb/ros_workspace/install/ros-qualisys/lib/ros-qualisys/ros-qualisys" to "$ORIGIN/../lib"
[1.719s] -- Installing: /home/zeb/ros_workspace/install/ros-qualisys/share/ros-qualisys/package.xml
[1.719s] -- Up-to-date: /home/zeb/ros_workspace/install/ros-qualisys/share/ros-qualisys/config
[1.719s] -- Installing: /home/zeb/ros_workspace/install/ros-qualisys/share/ros-qualisys/config/bauzil-qualisys.yaml
[1.719s] -- Up-to-date: /home/zeb/ros_workspace/install/ros-qualisys/share/ros-qualisys/launch
[1.719s] -- Installing: /home/zeb/ros_workspace/install/ros-qualisys/share/ros-qualisys/launch/qualisys_bauzil_bringup.launch
[1.719s] -- Installing: /home/zeb/ros_workspace/install/ros-qualisys/share/ros-qualisys/scripts
[1.719s] -- Installing: /home/zeb/ros_workspace/install/ros-qualisys/share/ros-qualisys/scripts/tf2_pose_gt_real.py
[1.719s] -- Installing: /home/zeb/ros_workspace/install/ros-qualisys/lib/pkgconfig/ros-qualisys.pc
[1.719s] -- Installing: /home/zeb/ros_workspace/install/ros-qualisys/include/ros-qualisys/qualisys-to-ros.hpp
[1.720s] -- Installing: /home/zeb/ros_workspace/install/ros-qualisys/share/ament_index/resource_index/packages/ros-qualisys
[1.720s] -- Installing: /home/zeb/ros_workspace/install/ros-qualisys/share/ros-qualisys/hook/ament_prefix_path.dsv
[1.720s] -- Installing: /home/zeb/ros_workspace/install/ros-qualisys/share/ros-qualisys/hook/python_path.dsv
[1.720s] -- Up-to-date: /home/zeb/ros_workspace/install/ros-qualisys/share/ros-qualisys/package.xml
[1.720s] -- Installing: /home/zeb/ros_workspace/install/ros-qualisys/lib/cmake/ros-qualisys/ros-qualisysConfig.cmake
[1.720s] -- Installing: /home/zeb/ros_workspace/install/ros-qualisys/lib/cmake/ros-qualisys/ros-qualisysConfigVersion.cmake
[1.720s] -- Installing: /home/zeb/ros_workspace/install/ros-qualisys/lib/cmake/ros-qualisys/ros-qualisysTargets.cmake
[1.720s] -- Installing: /home/zeb/ros_workspace/install/ros-qualisys/lib/cmake/ros-qualisys/ros-qualisysTargets-release.cmake
[1.721s] Invoked command in '/home/zeb/ros_workspace/build/ros-qualisys' returned '0': /usr/local/bin/cmake --install /home/zeb/ros_workspace/build/ros-qualisys
