[0.013s] Invoking command in '/home/zeb/ros_workspace/build/ros-qualisys': /usr/local/bin/cmake --build /home/zeb/ros_workspace/build/ros-qualisys -- -j22 -l22
[0.018s] /opt/cmake-3.26.4-linux-x86_64/bin/cmake -S/home/zeb/ros_workspace/src/ros-qualisys -B/home/zeb/ros_workspace/build/ros-qualisys --check-build-system CMakeFiles/Makefile.cmake 0
[0.022s] /opt/cmake-3.26.4-linux-x86_64/bin/cmake -E cmake_progress_start /home/zeb/ros_workspace/build/ros-qualisys/CMakeFiles /home/zeb/ros_workspace/build/ros-qualisys//CMakeFiles/progress.marks
[0.023s] /usr/bin/make  -f CMakeFiles/Makefile2 all
[0.027s] make[1]: Entering directory '/home/zeb/ros_workspace/build/ros-qualisys'
[0.027s] /usr/bin/make  -f CMakeFiles/ros-qualisys.dir/build.make CMakeFiles/ros-qualisys.dir/depend
[0.032s] make[2]: Entering directory '/home/zeb/ros_workspace/build/ros-qualisys'
[0.032s] cd /home/zeb/ros_workspace/build/ros-qualisys && /opt/cmake-3.26.4-linux-x86_64/bin/cmake -E cmake_depends "Unix Makefiles" /home/zeb/ros_workspace/src/ros-qualisys /home/zeb/ros_workspace/src/ros-qualisys /home/zeb/ros_workspace/build/ros-qualisys /home/zeb/ros_workspace/build/ros-qualisys /home/zeb/ros_workspace/build/ros-qualisys/CMakeFiles/ros-qualisys.dir/DependInfo.cmake --color=
[0.035s] make[2]: Leaving directory '/home/zeb/ros_workspace/build/ros-qualisys'
[0.035s] /usr/bin/make  -f CMakeFiles/ros-qualisys.dir/build.make CMakeFiles/ros-qualisys.dir/build
[0.042s] make[2]: Entering directory '/home/zeb/ros_workspace/build/ros-qualisys'
[0.045s] [ 25%] [32mBuilding CXX object CMakeFiles/ros-qualisys.dir/src/qualisys-to-ros.cpp.o[0m
[0.045s] /usr/bin/c++ -DROSCONSOLE_BACKEND_LOG4CXX -DROS_BUILD_SHARED_LIBS=1 -DROS_PACKAGE_NAME=\"ros-qualisys\" -Dros_qualisys_EXPORTS -I/home/zeb/ros_workspace/build/ros-qualisys -I/home/zeb/ros_workspace/build/ros-qualisys/include -I/home/zeb/ros_workspace/src/ros-qualisys/include -I/opt/ros/noetic/include -I/opt/ros/noetic/share/xmlrpcpp/cmake/../../../include/xmlrpcpp -isystem /usr/local/include/qualisys_cpp_sdk -pedantic -Wno-long-long -Wall -Wextra -Wcast-align -Wcast-qual -Wformat -Wwrite-strings -Wconversion  -O3 -DNDEBUG -fPIC -MD -MT CMakeFiles/ros-qualisys.dir/src/qualisys-to-ros.cpp.o -MF CMakeFiles/ros-qualisys.dir/src/qualisys-to-ros.cpp.o.d -o CMakeFiles/ros-qualisys.dir/src/qualisys-to-ros.cpp.o -c /home/zeb/ros_workspace/src/ros-qualisys/src/qualisys-to-ros.cpp
[1.249s] [ 50%] [32m[1mLinking CXX shared library libros-qualisys.so[0m
[1.249s] /opt/cmake-3.26.4-linux-x86_64/bin/cmake -E cmake_link_script CMakeFiles/ros-qualisys.dir/link.txt --verbose=1
[1.250s] /usr/bin/c++ -fPIC -pedantic -Wno-long-long -Wall -Wextra -Wcast-align -Wcast-qual -Wformat -Wwrite-strings -Wconversion  -O3 -DNDEBUG -shared -Wl,-soname,libros-qualisys.so.1.0.0 -o libros-qualisys.so.1.0.0 "CMakeFiles/ros-qualisys.dir/src/qualisys-to-ros.cpp.o"  -Wl,-rpath,/opt/ros/noetic/lib: /opt/ros/noetic/lib/libroscpp.so /usr/lib/x86_64-linux-gnu/libpthread.so /usr/lib/x86_64-linux-gnu/libboost_chrono.so.1.71.0 /usr/lib/x86_64-linux-gnu/libboost_filesystem.so.1.71.0 /opt/ros/noetic/lib/librosconsole.so /opt/ros/noetic/lib/librosconsole_log4cxx.so /opt/ros/noetic/lib/librosconsole_backend_interface.so /usr/lib/x86_64-linux-gnu/liblog4cxx.so /usr/lib/x86_64-linux-gnu/libboost_regex.so.1.71.0 /opt/ros/noetic/lib/libroscpp_serialization.so /opt/ros/noetic/lib/libxmlrpcpp.so /opt/ros/noetic/lib/librostime.so /usr/lib/x86_64-linux-gnu/libboost_date_time.so.1.71.0 /opt/ros/noetic/lib/libcpp_common.so /usr/lib/x86_64-linux-gnu/libboost_system.so.1.71.0 /usr/lib/x86_64-linux-gnu/libboost_thread.so.1.71.0 /usr/lib/x86_64-linux-gnu/libconsole_bridge.so.0.4 /opt/ros/noetic/lib/libtf2.so /opt/ros/noetic/lib/libroscpp_serialization.so /opt/ros/noetic/lib/librostime.so /usr/lib/x86_64-linux-gnu/libboost_date_time.so.1.71.0 /opt/ros/noetic/lib/libcpp_common.so /usr/lib/x86_64-linux-gnu/libboost_system.so.1.71.0 /usr/lib/x86_64-linux-gnu/libboost_thread.so.1.71.0 /usr/lib/x86_64-linux-gnu/libconsole_bridge.so.0.4 /opt/ros/noetic/lib/libtf2_ros.so /opt/ros/noetic/lib/libactionlib.so /opt/ros/noetic/lib/libmessage_filters.so /opt/ros/noetic/lib/libroscpp.so /usr/lib/x86_64-linux-gnu/libpthread.so /usr/lib/x86_64-linux-gnu/libboost_chrono.so.1.71.0 /usr/lib/x86_64-linux-gnu/libboost_filesystem.so.1.71.0 /opt/ros/noetic/lib/librosconsole.so /opt/ros/noetic/lib/librosconsole_log4cxx.so /opt/ros/noetic/lib/librosconsole_backend_interface.so /usr/lib/x86_64-linux-gnu/liblog4cxx.so /usr/lib/x86_64-linux-gnu/libboost_regex.so.1.71.0 /opt/ros/noetic/lib/libxmlrpcpp.so /opt/ros/noetic/lib/libtf2.so /opt/ros/noetic/lib/libroscpp_serialization.so /opt/ros/noetic/lib/librostime.so /usr/lib/x86_64-linux-gnu/libboost_date_time.so.1.71.0 /opt/ros/noetic/lib/libcpp_common.so /usr/lib/x86_64-linux-gnu/libboost_system.so.1.71.0 /usr/lib/x86_64-linux-gnu/libboost_thread.so.1.71.0 /usr/lib/x86_64-linux-gnu/libconsole_bridge.so.0.4 /opt/ros/noetic/lib/libroscpp_serialization.so /opt/ros/noetic/lib/librostime.so /usr/lib/x86_64-linux-gnu/libboost_date_time.so.1.71.0 /opt/ros/noetic/lib/libcpp_common.so /usr/lib/x86_64-linux-gnu/libboost_system.so.1.71.0 /usr/lib/x86_64-linux-gnu/libboost_thread.so.1.71.0 /usr/lib/x86_64-linux-gnu/libconsole_bridge.so.0.4 /usr/local/lib/libqualisys_cpp_sdk.a /opt/ros/noetic/lib/libtf2_ros.so /opt/ros/noetic/lib/libactionlib.so /opt/ros/noetic/lib/libmessage_filters.so 
[1.321s] /opt/cmake-3.26.4-linux-x86_64/bin/cmake -E cmake_symlink_library libros-qualisys.so.1.0.0 libros-qualisys.so.1.0.0 libros-qualisys.so
[1.323s] make[2]: Leaving directory '/home/zeb/ros_workspace/build/ros-qualisys'
[1.325s] [ 50%] Built target ros-qualisys
[1.326s] /usr/bin/make  -f CMakeFiles/ros-qualisys-node.dir/build.make CMakeFiles/ros-qualisys-node.dir/depend
[1.331s] make[2]: Entering directory '/home/zeb/ros_workspace/build/ros-qualisys'
[1.331s] cd /home/zeb/ros_workspace/build/ros-qualisys && /opt/cmake-3.26.4-linux-x86_64/bin/cmake -E cmake_depends "Unix Makefiles" /home/zeb/ros_workspace/src/ros-qualisys /home/zeb/ros_workspace/src/ros-qualisys /home/zeb/ros_workspace/build/ros-qualisys /home/zeb/ros_workspace/build/ros-qualisys /home/zeb/ros_workspace/build/ros-qualisys/CMakeFiles/ros-qualisys-node.dir/DependInfo.cmake --color=
[1.334s] make[2]: Leaving directory '/home/zeb/ros_workspace/build/ros-qualisys'
[1.334s] /usr/bin/make  -f CMakeFiles/ros-qualisys-node.dir/build.make CMakeFiles/ros-qualisys-node.dir/build
[1.340s] make[2]: Entering directory '/home/zeb/ros_workspace/build/ros-qualisys'
[1.343s] [ 75%] [32m[1mLinking CXX executable ros-qualisys[0m
[1.343s] /opt/cmake-3.26.4-linux-x86_64/bin/cmake -E cmake_link_script CMakeFiles/ros-qualisys-node.dir/link.txt --verbose=1
[1.344s] /usr/bin/c++ -pedantic -Wno-long-long -Wall -Wextra -Wcast-align -Wcast-qual -Wformat -Wwrite-strings -Wconversion  -O3 -DNDEBUG "CMakeFiles/ros-qualisys-node.dir/src/ros-qualisys.cpp.o" -o ros-qualisys  -Wl,-rpath,/home/zeb/ros_workspace/build/ros-qualisys:/opt/ros/noetic/lib: libros-qualisys.so.1.0.0 /opt/ros/noetic/lib/libroscpp.so /usr/lib/x86_64-linux-gnu/libpthread.so /usr/lib/x86_64-linux-gnu/libboost_chrono.so.1.71.0 /usr/lib/x86_64-linux-gnu/libboost_filesystem.so.1.71.0 /opt/ros/noetic/lib/librosconsole.so /opt/ros/noetic/lib/librosconsole_log4cxx.so /opt/ros/noetic/lib/librosconsole_backend_interface.so /usr/lib/x86_64-linux-gnu/liblog4cxx.so /usr/lib/x86_64-linux-gnu/libboost_regex.so.1.71.0 /opt/ros/noetic/lib/libroscpp_serialization.so /opt/ros/noetic/lib/libxmlrpcpp.so /opt/ros/noetic/lib/librostime.so /usr/lib/x86_64-linux-gnu/libboost_date_time.so.1.71.0 /opt/ros/noetic/lib/libcpp_common.so /usr/lib/x86_64-linux-gnu/libboost_system.so.1.71.0 /usr/lib/x86_64-linux-gnu/libboost_thread.so.1.71.0 /usr/lib/x86_64-linux-gnu/libconsole_bridge.so.0.4 /opt/ros/noetic/lib/libtf2.so /opt/ros/noetic/lib/libtf2_ros.so /opt/ros/noetic/lib/libactionlib.so /opt/ros/noetic/lib/libmessage_filters.so /opt/ros/noetic/lib/libroscpp.so /usr/lib/x86_64-linux-gnu/libpthread.so /usr/lib/x86_64-linux-gnu/libboost_chrono.so.1.71.0 /usr/lib/x86_64-linux-gnu/libboost_filesystem.so.1.71.0 /opt/ros/noetic/lib/librosconsole.so /opt/ros/noetic/lib/librosconsole_log4cxx.so /opt/ros/noetic/lib/librosconsole_backend_interface.so /usr/lib/x86_64-linux-gnu/liblog4cxx.so /usr/lib/x86_64-linux-gnu/libboost_regex.so.1.71.0 /opt/ros/noetic/lib/libroscpp_serialization.so /opt/ros/noetic/lib/libxmlrpcpp.so /opt/ros/noetic/lib/librostime.so /usr/lib/x86_64-linux-gnu/libboost_date_time.so.1.71.0 /opt/ros/noetic/lib/libcpp_common.so /usr/lib/x86_64-linux-gnu/libboost_system.so.1.71.0 /usr/lib/x86_64-linux-gnu/libboost_thread.so.1.71.0 /usr/lib/x86_64-linux-gnu/libconsole_bridge.so.0.4 /opt/ros/noetic/lib/libtf2.so /opt/ros/noetic/lib/libtf2_ros.so /opt/ros/noetic/lib/libactionlib.so /opt/ros/noetic/lib/libmessage_filters.so /usr/local/lib/libqualisys_cpp_sdk.a 
[1.408s] make[2]: Leaving directory '/home/zeb/ros_workspace/build/ros-qualisys'
[1.410s] [100%] Built target ros-qualisys-node
[1.410s] make[1]: Leaving directory '/home/zeb/ros_workspace/build/ros-qualisys'
[1.410s] /opt/cmake-3.26.4-linux-x86_64/bin/cmake -E cmake_progress_start /home/zeb/ros_workspace/build/ros-qualisys/CMakeFiles 0
[1.414s] Invoked command in '/home/zeb/ros_workspace/build/ros-qualisys' returned '0': /usr/local/bin/cmake --build /home/zeb/ros_workspace/build/ros-qualisys -- -j22 -l22
[1.421s] Invoking command in '/home/zeb/ros_workspace/build/ros-qualisys': /usr/local/bin/cmake --install /home/zeb/ros_workspace/build/ros-qualisys
[1.423s] -- Install configuration: "Release"
[1.428s] /opt/cmake-3.26.4-linux-x86_64/bin/cmake -S/home/zeb/ros_workspace/src/ros-qualisys -B/home/zeb/ros_workspace/build/ros-qualisys --check-build-system CMakeFiles/Makefile.cmake 0
[1.432s] /usr/bin/make  -f CMakeFiles/Makefile2 uninstall
[1.436s] make[1]: Entering directory '/home/zeb/ros_workspace/build/ros-qualisys'
[1.436s] /opt/cmake-3.26.4-linux-x86_64/bin/cmake -S/home/zeb/ros_workspace/src/ros-qualisys -B/home/zeb/ros_workspace/build/ros-qualisys --check-build-system CMakeFiles/Makefile.cmake 0
[1.440s] /opt/cmake-3.26.4-linux-x86_64/bin/cmake -E cmake_progress_start /home/zeb/ros_workspace/build/ros-qualisys/CMakeFiles 0
[1.441s] /usr/bin/make  -f CMakeFiles/Makefile2 CMakeFiles/uninstall.dir/all
[1.445s] make[2]: Entering directory '/home/zeb/ros_workspace/build/ros-qualisys'
[1.445s] /usr/bin/make  -f CMakeFiles/ros-qualisys-uninstall.dir/build.make CMakeFiles/ros-qualisys-uninstall.dir/depend
[1.446s] make[3]: Entering directory '/home/zeb/ros_workspace/build/ros-qualisys'
[1.446s] cd /home/zeb/ros_workspace/build/ros-qualisys && /opt/cmake-3.26.4-linux-x86_64/bin/cmake -E cmake_depends "Unix Makefiles" /home/zeb/ros_workspace/src/ros-qualisys /home/zeb/ros_workspace/src/ros-qualisys /home/zeb/ros_workspace/build/ros-qualisys /home/zeb/ros_workspace/build/ros-qualisys /home/zeb/ros_workspace/build/ros-qualisys/CMakeFiles/ros-qualisys-uninstall.dir/DependInfo.cmake --color=
[1.448s] make[3]: Leaving directory '/home/zeb/ros_workspace/build/ros-qualisys'
[1.448s] /usr/bin/make  -f CMakeFiles/ros-qualisys-uninstall.dir/build.make CMakeFiles/ros-qualisys-uninstall.dir/build
[1.449s] make[3]: Entering directory '/home/zeb/ros_workspace/build/ros-qualisys'
[1.449s] /opt/cmake-3.26.4-linux-x86_64/bin/cmake -DPACKAGE_CREATES_DOT_CATKIN=TRUE -P /home/zeb/ros_workspace/build/ros-qualisys/cmake/cmake_uninstall.cmake
[1.451s] -- catkin path: /home/zeb/ros_workspace/install/ros-qualisys/.catkin
[1.451s] -- Try to remove /home/zeb/ros_workspace/install/ros-qualisys/.catkin
[1.453s] -- Uninstalling "/home/zeb/ros_workspace/install/ros-qualisys/lib/cmake/ros-qualisys/ros-qualisysTargets-release.cmake"
[1.455s] -- Uninstalling "/home/zeb/ros_workspace/install/ros-qualisys/lib/cmake/ros-qualisys/ros-qualisysTargets.cmake"
[1.456s] -- Uninstalling "/home/zeb/ros_workspace/install/ros-qualisys/lib/cmake/ros-qualisys/ros-qualisysConfigVersion.cmake"
[1.458s] -- Uninstalling "/home/zeb/ros_workspace/install/ros-qualisys/lib/cmake/ros-qualisys/ros-qualisysConfig.cmake"
[1.459s] -- Uninstalling "/home/zeb/ros_workspace/install/ros-qualisys/share/ros-qualisys/package.xml"
[1.461s] -- Uninstalling "/home/zeb/ros_workspace/install/ros-qualisys/share/ros-qualisys/hook/python_path.dsv"
[1.463s] -- Uninstalling "/home/zeb/ros_workspace/install/ros-qualisys/share/ros-qualisys/hook/ament_prefix_path.dsv"
[1.464s] -- Uninstalling "/home/zeb/ros_workspace/install/ros-qualisys/share/ament_index/resource_index/packages/ros-qualisys"
[1.466s] -- Uninstalling "/home/zeb/ros_workspace/install/ros-qualisys/include/ros-qualisys/qualisys-to-ros.hpp"
[1.467s] -- Uninstalling "/home/zeb/ros_workspace/install/ros-qualisys/lib/pkgconfig/ros-qualisys.pc"
[1.469s] -- Uninstalling "/home/zeb/ros_workspace/install/ros-qualisys/share/ros-qualisys/scripts/tf2_pose_gt_real.py"
[1.470s] -- Uninstalling "/home/zeb/ros_workspace/install/ros-qualisys/share/ros-qualisys/launch/qualisys_bauzil_bringup.launch"
[1.472s] -- Uninstalling "/home/zeb/ros_workspace/install/ros-qualisys/share/ros-qualisys/config/bauzil-qualisys.yaml"
[1.473s] -- Uninstalling "/home/zeb/ros_workspace/install/ros-qualisys/share/ros-qualisys/package.xml"
[1.473s] -- File "/home/zeb/ros_workspace/install/ros-qualisys/share/ros-qualisys/package.xml" does not exist.
[1.475s] -- Uninstalling "/home/zeb/ros_workspace/install/ros-qualisys/lib/ros-qualisys/ros-qualisys"
[1.476s] -- Uninstalling "/home/zeb/ros_workspace/install/ros-qualisys/lib/libros-qualisys.so"
[1.478s] -- Uninstalling "/home/zeb/ros_workspace/install/ros-qualisys/lib/libros-qualisys.so.1.0.0"
[1.480s] -- Uninstalling "/home/zeb/ros_workspace/install/ros-qualisys/.rosinstall"
[1.481s] -- Uninstalling "/home/zeb/ros_workspace/install/ros-qualisys/local_setup.fish"
[1.483s] -- Uninstalling "/home/zeb/ros_workspace/install/ros-qualisys/setup.fish"
[1.485s] -- Uninstalling "/home/zeb/ros_workspace/install/ros-qualisys/local_setup.zsh"
[1.486s] -- Uninstalling "/home/zeb/ros_workspace/install/ros-qualisys/setup.zsh"
[1.488s] -- Uninstalling "/home/zeb/ros_workspace/install/ros-qualisys/local_setup.sh"
[1.490s] -- Uninstalling "/home/zeb/ros_workspace/install/ros-qualisys/setup.sh"
[1.491s] -- Uninstalling "/home/zeb/ros_workspace/install/ros-qualisys/local_setup.bash"
[1.493s] -- Uninstalling "/home/zeb/ros_workspace/install/ros-qualisys/setup.bash"
[1.494s] -- Uninstalling "/home/zeb/ros_workspace/install/ros-qualisys/env.sh"
[1.496s] -- Uninstalling "/home/zeb/ros_workspace/install/ros-qualisys/_setup_util.py"
[1.497s] -- Uninstalling "/home/zeb/ros_workspace/install/ros-qualisys/include/ros-qualisys/warning.hh"
[1.499s] -- Uninstalling "/home/zeb/ros_workspace/install/ros-qualisys/include/ros-qualisys/deprecated.hh"
[1.500s] -- Uninstalling "/home/zeb/ros_workspace/install/ros-qualisys/include/ros-qualisys/config.hh"
[1.503s] make[3]: Leaving directory '/home/zeb/ros_workspace/build/ros-qualisys'
[1.505s] Built target ros-qualisys-uninstall
[1.505s] /usr/bin/make  -f CMakeFiles/uninstall.dir/build.make CMakeFiles/uninstall.dir/depend
[1.506s] make[3]: Entering directory '/home/zeb/ros_workspace/build/ros-qualisys'
[1.506s] cd /home/zeb/ros_workspace/build/ros-qualisys && /opt/cmake-3.26.4-linux-x86_64/bin/cmake -E cmake_depends "Unix Makefiles" /home/zeb/ros_workspace/src/ros-qualisys /home/zeb/ros_workspace/src/ros-qualisys /home/zeb/ros_workspace/build/ros-qualisys /home/zeb/ros_workspace/build/ros-qualisys /home/zeb/ros_workspace/build/ros-qualisys/CMakeFiles/uninstall.dir/DependInfo.cmake --color=
[1.509s] make[3]: Leaving directory '/home/zeb/ros_workspace/build/ros-qualisys'
[1.509s] /usr/bin/make  -f CMakeFiles/uninstall.dir/build.make CMakeFiles/uninstall.dir/build
[1.510s] make[3]: Entering directory '/home/zeb/ros_workspace/build/ros-qualisys'
[1.510s] make[3]: Nothing to be done for 'CMakeFiles/uninstall.dir/build'.
[1.510s] make[3]: Leaving directory '/home/zeb/ros_workspace/build/ros-qualisys'
[1.511s] Built target uninstall
[1.512s] make[2]: Leaving directory '/home/zeb/ros_workspace/build/ros-qualisys'
[1.512s] /opt/cmake-3.26.4-linux-x86_64/bin/cmake -E cmake_progress_start /home/zeb/ros_workspace/build/ros-qualisys/CMakeFiles 0
[1.513s] make[1]: Leaving directory '/home/zeb/ros_workspace/build/ros-qualisys'
[1.514s] -- Installing: /home/zeb/ros_workspace/install/ros-qualisys/include/ros-qualisys/config.hh
[1.514s] -- Installing: /home/zeb/ros_workspace/install/ros-qualisys/include/ros-qualisys/deprecated.hh
[1.514s] -- Installing: /home/zeb/ros_workspace/install/ros-qualisys/include/ros-qualisys/warning.hh
[1.515s] -- Installing: /home/zeb/ros_workspace/install/ros-qualisys/_setup_util.py
[1.515s] -- Installing: /home/zeb/ros_workspace/install/ros-qualisys/env.sh
[1.515s] -- Installing: /home/zeb/ros_workspace/install/ros-qualisys/setup.bash
[1.515s] -- Installing: /home/zeb/ros_workspace/install/ros-qualisys/local_setup.bash
[1.515s] -- Installing: /home/zeb/ros_workspace/install/ros-qualisys/setup.sh
[1.515s] -- Installing: /home/zeb/ros_workspace/install/ros-qualisys/local_setup.sh
[1.516s] -- Installing: /home/zeb/ros_workspace/install/ros-qualisys/setup.zsh
[1.516s] -- Installing: /home/zeb/ros_workspace/install/ros-qualisys/local_setup.zsh
[1.516s] -- Installing: /home/zeb/ros_workspace/install/ros-qualisys/setup.fish
[1.516s] -- Installing: /home/zeb/ros_workspace/install/ros-qualisys/local_setup.fish
[1.516s] -- Installing: /home/zeb/ros_workspace/install/ros-qualisys/.rosinstall
[1.516s] -- Installing: /home/zeb/ros_workspace/install/ros-qualisys/lib/libros-qualisys.so.1.0.0
[1.517s] -- Set runtime path of "/home/zeb/ros_workspace/install/ros-qualisys/lib/libros-qualisys.so.1.0.0" to ""
[1.517s] -- Installing: /home/zeb/ros_workspace/install/ros-qualisys/lib/libros-qualisys.so
[1.517s] -- Installing: /home/zeb/ros_workspace/install/ros-qualisys/lib/ros-qualisys/ros-qualisys
[1.517s] -- Set runtime path of "/home/zeb/ros_workspace/install/ros-qualisys/lib/ros-qualisys/ros-qualisys" to "$ORIGIN/../lib"
[1.517s] -- Installing: /home/zeb/ros_workspace/install/ros-qualisys/share/ros-qualisys/package.xml
[1.517s] -- Up-to-date: /home/zeb/ros_workspace/install/ros-qualisys/share/ros-qualisys/config
[1.517s] -- Installing: /home/zeb/ros_workspace/install/ros-qualisys/share/ros-qualisys/config/bauzil-qualisys.yaml
[1.518s] -- Up-to-date: /home/zeb/ros_workspace/install/ros-qualisys/share/ros-qualisys/launch
[1.518s] -- Installing: /home/zeb/ros_workspace/install/ros-qualisys/share/ros-qualisys/launch/qualisys_bauzil_bringup.launch
[1.518s] -- Up-to-date: /home/zeb/ros_workspace/install/ros-qualisys/share/ros-qualisys/scripts
[1.518s] -- Installing: /home/zeb/ros_workspace/install/ros-qualisys/share/ros-qualisys/scripts/tf2_pose_gt_real.py
[1.518s] -- Installing: /home/zeb/ros_workspace/install/ros-qualisys/lib/pkgconfig/ros-qualisys.pc
[1.518s] -- Installing: /home/zeb/ros_workspace/install/ros-qualisys/include/ros-qualisys/qualisys-to-ros.hpp
[1.518s] -- Installing: /home/zeb/ros_workspace/install/ros-qualisys/share/ament_index/resource_index/packages/ros-qualisys
[1.518s] -- Installing: /home/zeb/ros_workspace/install/ros-qualisys/share/ros-qualisys/hook/ament_prefix_path.dsv
[1.518s] -- Installing: /home/zeb/ros_workspace/install/ros-qualisys/share/ros-qualisys/hook/python_path.dsv
[1.518s] -- Up-to-date: /home/zeb/ros_workspace/install/ros-qualisys/share/ros-qualisys/package.xml
[1.518s] -- Installing: /home/zeb/ros_workspace/install/ros-qualisys/lib/cmake/ros-qualisys/ros-qualisysConfig.cmake
[1.519s] -- Installing: /home/zeb/ros_workspace/install/ros-qualisys/lib/cmake/ros-qualisys/ros-qualisysConfigVersion.cmake
[1.519s] -- Installing: /home/zeb/ros_workspace/install/ros-qualisys/lib/cmake/ros-qualisys/ros-qualisysTargets.cmake
[1.519s] -- Installing: /home/zeb/ros_workspace/install/ros-qualisys/lib/cmake/ros-qualisys/ros-qualisysTargets-release.cmake
[1.520s] Invoked command in '/home/zeb/ros_workspace/build/ros-qualisys' returned '0': /usr/local/bin/cmake --install /home/zeb/ros_workspace/build/ros-qualisys
